mode: set
dbms_lab_project/internal/datastructures/array.go:12.24,16.2 1 1
dbms_lab_project/internal/datastructures/array.go:18.40,20.2 1 1
dbms_lab_project/internal/datastructures/array.go:22.55,23.38 1 1
dbms_lab_project/internal/datastructures/array.go:23.38,25.3 1 1
dbms_lab_project/internal/datastructures/array.go:26.2,26.26 1 1
dbms_lab_project/internal/datastructures/array.go:26.26,29.3 2 1
dbms_lab_project/internal/datastructures/array.go:30.2,32.12 3 1
dbms_lab_project/internal/datastructures/array.go:35.48,36.39 1 1
dbms_lab_project/internal/datastructures/array.go:36.39,38.3 1 1
dbms_lab_project/internal/datastructures/array.go:39.2,39.27 1 1
dbms_lab_project/internal/datastructures/array.go:42.41,43.39 1 1
dbms_lab_project/internal/datastructures/array.go:43.39,45.3 1 1
dbms_lab_project/internal/datastructures/array.go:46.2,47.12 2 1
dbms_lab_project/internal/datastructures/array.go:50.52,51.39 1 1
dbms_lab_project/internal/datastructures/array.go:51.39,53.3 1 1
dbms_lab_project/internal/datastructures/array.go:54.2,55.12 2 1
dbms_lab_project/internal/datastructures/array.go:58.28,60.2 1 1
dbms_lab_project/internal/datastructures/array.go:62.25,64.2 1 1
dbms_lab_project/internal/datastructures/array.go:66.36,68.2 1 1
dbms_lab_project/internal/datastructures/array.go:70.41,71.15 1 1
dbms_lab_project/internal/datastructures/array.go:71.15,74.3 2 1
dbms_lab_project/internal/datastructures/array.go:75.2,75.34 1 1
dbms_lab_project/internal/datastructures/doubly_linked_list.go:20.46,22.2 1 1
dbms_lab_project/internal/datastructures/doubly_linked_list.go:24.52,26.19 2 1
dbms_lab_project/internal/datastructures/doubly_linked_list.go:26.19,28.3 1 1
dbms_lab_project/internal/datastructures/doubly_linked_list.go:28.8,30.3 1 1
dbms_lab_project/internal/datastructures/doubly_linked_list.go:31.2,32.11 2 1
dbms_lab_project/internal/datastructures/doubly_linked_list.go:35.51,37.19 2 1
dbms_lab_project/internal/datastructures/doubly_linked_list.go:37.19,39.3 1 1
dbms_lab_project/internal/datastructures/doubly_linked_list.go:39.8,41.3 1 1
dbms_lab_project/internal/datastructures/doubly_linked_list.go:42.2,43.11 2 1
dbms_lab_project/internal/datastructures/doubly_linked_list.go:46.55,47.19 1 1
dbms_lab_project/internal/datastructures/doubly_linked_list.go:47.19,49.3 1 0
dbms_lab_project/internal/datastructures/doubly_linked_list.go:50.2,52.19 3 1
dbms_lab_project/internal/datastructures/doubly_linked_list.go:52.19,54.3 1 1
dbms_lab_project/internal/datastructures/doubly_linked_list.go:54.8,56.3 1 1
dbms_lab_project/internal/datastructures/doubly_linked_list.go:57.2,58.17 2 1
dbms_lab_project/internal/datastructures/doubly_linked_list.go:61.54,62.19 1 1
dbms_lab_project/internal/datastructures/doubly_linked_list.go:62.19,64.3 1 1
dbms_lab_project/internal/datastructures/doubly_linked_list.go:65.2,67.19 3 1
dbms_lab_project/internal/datastructures/doubly_linked_list.go:67.19,69.3 1 1
dbms_lab_project/internal/datastructures/doubly_linked_list.go:69.8,71.3 1 1
dbms_lab_project/internal/datastructures/doubly_linked_list.go:72.2,73.17 2 1
dbms_lab_project/internal/datastructures/doubly_linked_list.go:76.54,78.21 2 1
dbms_lab_project/internal/datastructures/doubly_linked_list.go:78.21,79.29 1 1
dbms_lab_project/internal/datastructures/doubly_linked_list.go:79.29,80.27 1 1
dbms_lab_project/internal/datastructures/doubly_linked_list.go:80.27,82.5 1 1
dbms_lab_project/internal/datastructures/doubly_linked_list.go:82.10,84.5 1 1
dbms_lab_project/internal/datastructures/doubly_linked_list.go:85.4,85.27 1 1
dbms_lab_project/internal/datastructures/doubly_linked_list.go:85.27,87.5 1 1
dbms_lab_project/internal/datastructures/doubly_linked_list.go:87.10,89.5 1 1
dbms_lab_project/internal/datastructures/doubly_linked_list.go:90.4,91.10 2 1
dbms_lab_project/internal/datastructures/doubly_linked_list.go:93.3,93.25 1 1
dbms_lab_project/internal/datastructures/doubly_linked_list.go:97.52,99.21 2 1
dbms_lab_project/internal/datastructures/doubly_linked_list.go:99.21,100.29 1 1
dbms_lab_project/internal/datastructures/doubly_linked_list.go:100.29,102.4 1 1
dbms_lab_project/internal/datastructures/doubly_linked_list.go:103.3,103.25 1 1
dbms_lab_project/internal/datastructures/doubly_linked_list.go:105.2,105.14 1 1
dbms_lab_project/internal/datastructures/doubly_linked_list.go:108.70,110.21 2 1
dbms_lab_project/internal/datastructures/doubly_linked_list.go:110.21,111.35 1 1
dbms_lab_project/internal/datastructures/doubly_linked_list.go:111.35,113.27 2 1
dbms_lab_project/internal/datastructures/doubly_linked_list.go:113.27,115.5 1 1
dbms_lab_project/internal/datastructures/doubly_linked_list.go:115.10,117.5 1 1
dbms_lab_project/internal/datastructures/doubly_linked_list.go:118.4,120.10 3 1
dbms_lab_project/internal/datastructures/doubly_linked_list.go:122.3,122.25 1 1
dbms_lab_project/internal/datastructures/doubly_linked_list.go:126.71,128.21 2 1
dbms_lab_project/internal/datastructures/doubly_linked_list.go:128.21,129.35 1 1
dbms_lab_project/internal/datastructures/doubly_linked_list.go:129.35,131.27 2 1
dbms_lab_project/internal/datastructures/doubly_linked_list.go:131.27,133.5 1 1
dbms_lab_project/internal/datastructures/doubly_linked_list.go:133.10,135.5 1 1
dbms_lab_project/internal/datastructures/doubly_linked_list.go:136.4,138.10 3 1
dbms_lab_project/internal/datastructures/doubly_linked_list.go:140.3,140.25 1 1
dbms_lab_project/internal/datastructures/doubly_linked_list.go:144.60,146.21 2 1
dbms_lab_project/internal/datastructures/doubly_linked_list.go:146.21,147.58 1 1
dbms_lab_project/internal/datastructures/doubly_linked_list.go:147.58,150.28 3 1
dbms_lab_project/internal/datastructures/doubly_linked_list.go:150.28,152.5 1 1
dbms_lab_project/internal/datastructures/doubly_linked_list.go:152.10,154.5 1 1
dbms_lab_project/internal/datastructures/doubly_linked_list.go:155.4,156.10 2 1
dbms_lab_project/internal/datastructures/doubly_linked_list.go:158.3,158.25 1 1
dbms_lab_project/internal/datastructures/doubly_linked_list.go:162.61,164.21 2 1
dbms_lab_project/internal/datastructures/doubly_linked_list.go:164.21,165.58 1 1
dbms_lab_project/internal/datastructures/doubly_linked_list.go:165.58,167.28 2 1
dbms_lab_project/internal/datastructures/doubly_linked_list.go:167.28,169.5 1 1
dbms_lab_project/internal/datastructures/doubly_linked_list.go:169.10,171.5 1 1
dbms_lab_project/internal/datastructures/doubly_linked_list.go:172.4,174.10 3 1
dbms_lab_project/internal/datastructures/doubly_linked_list.go:176.3,176.25 1 1
dbms_lab_project/internal/datastructures/doubly_linked_list.go:180.39,182.2 1 1
dbms_lab_project/internal/datastructures/doubly_linked_list.go:184.47,187.21 3 1
dbms_lab_project/internal/datastructures/doubly_linked_list.go:187.21,189.26 2 1
dbms_lab_project/internal/datastructures/doubly_linked_list.go:189.26,191.4 1 1
dbms_lab_project/internal/datastructures/doubly_linked_list.go:192.3,192.25 1 1
dbms_lab_project/internal/datastructures/doubly_linked_list.go:194.2,194.20 1 1
dbms_lab_project/internal/datastructures/doubly_linked_list.go:197.52,201.15 4 1
dbms_lab_project/internal/datastructures/doubly_linked_list.go:201.15,203.3 1 1
dbms_lab_project/internal/datastructures/doubly_linked_list.go:204.2,205.26 2 1
dbms_lab_project/internal/datastructures/doubly_linked_list.go:205.26,207.3 1 1
dbms_lab_project/internal/datastructures/full_binary_tree.go:17.42,19.2 1 1
dbms_lab_project/internal/datastructures/full_binary_tree.go:21.47,22.19 1 1
dbms_lab_project/internal/datastructures/full_binary_tree.go:22.19,25.3 2 1
dbms_lab_project/internal/datastructures/full_binary_tree.go:26.2,27.21 2 1
dbms_lab_project/internal/datastructures/full_binary_tree.go:27.21,31.26 3 1
dbms_lab_project/internal/datastructures/full_binary_tree.go:31.26,34.4 2 1
dbms_lab_project/internal/datastructures/full_binary_tree.go:34.9,36.4 1 1
dbms_lab_project/internal/datastructures/full_binary_tree.go:38.3,38.27 1 1
dbms_lab_project/internal/datastructures/full_binary_tree.go:38.27,41.4 2 1
dbms_lab_project/internal/datastructures/full_binary_tree.go:41.9,43.4 1 1
dbms_lab_project/internal/datastructures/full_binary_tree.go:47.50,49.2 1 1
dbms_lab_project/internal/datastructures/full_binary_tree.go:51.73,52.17 1 1
dbms_lab_project/internal/datastructures/full_binary_tree.go:52.17,54.3 1 1
dbms_lab_project/internal/datastructures/full_binary_tree.go:55.2,55.24 1 1
dbms_lab_project/internal/datastructures/full_binary_tree.go:55.24,57.3 1 1
dbms_lab_project/internal/datastructures/full_binary_tree.go:58.2,58.80 1 1
dbms_lab_project/internal/datastructures/full_binary_tree.go:61.40,63.2 1 1
dbms_lab_project/internal/datastructures/full_binary_tree.go:65.61,66.17 1 1
dbms_lab_project/internal/datastructures/full_binary_tree.go:66.17,68.3 1 0
dbms_lab_project/internal/datastructures/full_binary_tree.go:69.2,69.43 1 1
dbms_lab_project/internal/datastructures/full_binary_tree.go:69.43,71.3 1 1
dbms_lab_project/internal/datastructures/full_binary_tree.go:72.2,72.43 1 1
dbms_lab_project/internal/datastructures/full_binary_tree.go:72.43,74.3 1 1
dbms_lab_project/internal/datastructures/full_binary_tree.go:75.2,75.14 1 1
dbms_lab_project/internal/datastructures/full_binary_tree.go:78.45,82.44 4 1
dbms_lab_project/internal/datastructures/full_binary_tree.go:82.44,84.3 1 1
dbms_lab_project/internal/datastructures/full_binary_tree.go:85.2,85.12 1 1
dbms_lab_project/internal/datastructures/full_binary_tree.go:88.91,89.17 1 1
dbms_lab_project/internal/datastructures/full_binary_tree.go:89.17,91.3 1 1
dbms_lab_project/internal/datastructures/full_binary_tree.go:92.2,96.47 5 1
dbms_lab_project/internal/datastructures/full_binary_tree.go:99.50,101.15 2 1
dbms_lab_project/internal/datastructures/full_binary_tree.go:101.15,103.3 1 1
dbms_lab_project/internal/datastructures/full_binary_tree.go:104.2,105.21 2 1
dbms_lab_project/internal/datastructures/full_binary_tree.go:105.21,107.3 1 0
dbms_lab_project/internal/datastructures/full_binary_tree.go:109.2,112.34 3 1
dbms_lab_project/internal/datastructures/full_binary_tree.go:112.34,115.34 3 1
dbms_lab_project/internal/datastructures/full_binary_tree.go:115.34,116.22 1 1
dbms_lab_project/internal/datastructures/full_binary_tree.go:116.22,118.5 1 1
dbms_lab_project/internal/datastructures/full_binary_tree.go:118.10,119.10 1 1
dbms_lab_project/internal/datastructures/full_binary_tree.go:122.3,125.49 3 1
dbms_lab_project/internal/datastructures/full_binary_tree.go:125.49,127.12 1 0
dbms_lab_project/internal/datastructures/full_binary_tree.go:129.3,131.25 2 1
dbms_lab_project/internal/datastructures/full_binary_tree.go:131.25,133.4 1 1
dbms_lab_project/internal/datastructures/full_binary_tree.go:133.9,135.4 1 0
dbms_lab_project/internal/datastructures/full_binary_tree.go:137.3,137.32 1 1
dbms_lab_project/internal/datastructures/full_binary_tree.go:137.32,139.4 1 1
dbms_lab_project/internal/datastructures/full_binary_tree.go:139.9,141.4 1 0
dbms_lab_project/internal/datastructures/hash_table_chaining.go:19.55,20.14 1 1
dbms_lab_project/internal/datastructures/hash_table_chaining.go:20.14,22.3 1 1
dbms_lab_project/internal/datastructures/hash_table_chaining.go:23.2,26.3 1 1
dbms_lab_project/internal/datastructures/hash_table_chaining.go:29.57,31.24 2 1
dbms_lab_project/internal/datastructures/hash_table_chaining.go:31.24,33.3 1 1
dbms_lab_project/internal/datastructures/hash_table_chaining.go:34.2,34.40 1 1
dbms_lab_project/internal/datastructures/hash_table_chaining.go:37.53,39.35 2 1
dbms_lab_project/internal/datastructures/hash_table_chaining.go:39.35,40.20 1 1
dbms_lab_project/internal/datastructures/hash_table_chaining.go:40.20,43.4 2 1
dbms_lab_project/internal/datastructures/hash_table_chaining.go:45.2,45.67 1 1
dbms_lab_project/internal/datastructures/hash_table_chaining.go:48.62,50.35 2 1
dbms_lab_project/internal/datastructures/hash_table_chaining.go:50.35,51.20 1 1
dbms_lab_project/internal/datastructures/hash_table_chaining.go:51.20,53.4 1 1
dbms_lab_project/internal/datastructures/hash_table_chaining.go:55.2,55.40 1 1
dbms_lab_project/internal/datastructures/hash_table_chaining.go:58.49,60.35 2 1
dbms_lab_project/internal/datastructures/hash_table_chaining.go:60.35,61.20 1 1
dbms_lab_project/internal/datastructures/hash_table_chaining.go:61.20,65.4 2 1
dbms_lab_project/internal/datastructures/hash_table_chaining.go:69.49,72.34 3 1
dbms_lab_project/internal/datastructures/hash_table_chaining.go:72.34,73.29 1 1
dbms_lab_project/internal/datastructures/hash_table_chaining.go:73.29,74.14 1 1
dbms_lab_project/internal/datastructures/hash_table_chaining.go:74.14,76.5 1 0
dbms_lab_project/internal/datastructures/hash_table_chaining.go:77.4,78.17 2 1
dbms_lab_project/internal/datastructures/hash_table_chaining.go:81.2,81.20 1 1
dbms_lab_project/internal/datastructures/hash_table_chaining.go:84.54,87.15 2 1
dbms_lab_project/internal/datastructures/hash_table_chaining.go:87.15,89.3 1 1
dbms_lab_project/internal/datastructures/hash_table_chaining.go:90.2,91.26 2 1
dbms_lab_project/internal/datastructures/hash_table_chaining.go:91.26,93.19 2 1
dbms_lab_project/internal/datastructures/hash_table_chaining.go:93.19,95.4 1 1
dbms_lab_project/internal/datastructures/hash_table_open_addr.go:30.55,31.14 1 1
dbms_lab_project/internal/datastructures/hash_table_open_addr.go:31.14,33.3 1 1
dbms_lab_project/internal/datastructures/hash_table_open_addr.go:34.2,39.3 1 1
dbms_lab_project/internal/datastructures/hash_table_open_addr.go:42.57,44.24 2 1
dbms_lab_project/internal/datastructures/hash_table_open_addr.go:44.24,46.3 1 1
dbms_lab_project/internal/datastructures/hash_table_open_addr.go:47.2,47.40 1 1
dbms_lab_project/internal/datastructures/hash_table_open_addr.go:50.39,56.33 5 1
dbms_lab_project/internal/datastructures/hash_table_open_addr.go:56.33,57.28 1 1
dbms_lab_project/internal/datastructures/hash_table_open_addr.go:57.28,59.4 1 1
dbms_lab_project/internal/datastructures/hash_table_open_addr.go:63.53,64.70 1 1
dbms_lab_project/internal/datastructures/hash_table_open_addr.go:64.70,66.3 1 1
dbms_lab_project/internal/datastructures/hash_table_open_addr.go:68.2,69.35 2 1
dbms_lab_project/internal/datastructures/hash_table_open_addr.go:69.35,71.79 2 1
dbms_lab_project/internal/datastructures/hash_table_open_addr.go:71.79,75.4 3 1
dbms_lab_project/internal/datastructures/hash_table_open_addr.go:75.9,75.81 1 1
dbms_lab_project/internal/datastructures/hash_table_open_addr.go:75.81,78.4 2 1
dbms_lab_project/internal/datastructures/hash_table_open_addr.go:82.62,84.35 2 1
dbms_lab_project/internal/datastructures/hash_table_open_addr.go:84.35,86.40 2 1
dbms_lab_project/internal/datastructures/hash_table_open_addr.go:86.40,88.4 1 1
dbms_lab_project/internal/datastructures/hash_table_open_addr.go:89.3,89.74 1 1
dbms_lab_project/internal/datastructures/hash_table_open_addr.go:89.74,91.4 1 1
dbms_lab_project/internal/datastructures/hash_table_open_addr.go:93.2,93.40 1 1
dbms_lab_project/internal/datastructures/hash_table_open_addr.go:96.49,98.35 2 1
dbms_lab_project/internal/datastructures/hash_table_open_addr.go:98.35,100.40 2 1
dbms_lab_project/internal/datastructures/hash_table_open_addr.go:100.40,102.4 1 1
dbms_lab_project/internal/datastructures/hash_table_open_addr.go:103.3,103.74 1 1
dbms_lab_project/internal/datastructures/hash_table_open_addr.go:103.74,107.4 3 1
dbms_lab_project/internal/datastructures/hash_table_open_addr.go:111.38,114.2 2 1
dbms_lab_project/internal/datastructures/hash_table_open_addr.go:116.49,119.33 3 1
dbms_lab_project/internal/datastructures/hash_table_open_addr.go:119.33,120.28 1 1
dbms_lab_project/internal/datastructures/hash_table_open_addr.go:120.28,121.14 1 1
dbms_lab_project/internal/datastructures/hash_table_open_addr.go:121.14,123.5 1 0
dbms_lab_project/internal/datastructures/hash_table_open_addr.go:124.4,125.17 2 1
dbms_lab_project/internal/datastructures/hash_table_open_addr.go:128.2,128.20 1 1
dbms_lab_project/internal/datastructures/hash_table_open_addr.go:131.54,133.15 2 1
dbms_lab_project/internal/datastructures/hash_table_open_addr.go:133.15,135.3 1 1
dbms_lab_project/internal/datastructures/hash_table_open_addr.go:136.2,137.26 2 1
dbms_lab_project/internal/datastructures/hash_table_open_addr.go:137.26,139.19 2 1
dbms_lab_project/internal/datastructures/hash_table_open_addr.go:139.19,141.4 1 1
dbms_lab_project/internal/datastructures/lfu_cache.go:24.37,33.2 1 1
dbms_lab_project/internal/datastructures/lfu_cache.go:35.48,44.24 7 1
dbms_lab_project/internal/datastructures/lfu_cache.go:44.24,46.24 2 1
dbms_lab_project/internal/datastructures/lfu_cache.go:46.24,48.4 1 1
dbms_lab_project/internal/datastructures/lfu_cache.go:52.2,53.49 2 1
dbms_lab_project/internal/datastructures/lfu_cache.go:53.49,55.3 1 1
dbms_lab_project/internal/datastructures/lfu_cache.go:56.2,58.32 3 1
dbms_lab_project/internal/datastructures/lfu_cache.go:61.28,62.17 1 1
dbms_lab_project/internal/datastructures/lfu_cache.go:62.17,64.3 1 1
dbms_lab_project/internal/datastructures/lfu_cache.go:65.2,69.24 5 1
dbms_lab_project/internal/datastructures/lfu_cache.go:69.24,71.3 1 1
dbms_lab_project/internal/datastructures/lfu_cache.go:73.2,75.10 3 1
dbms_lab_project/internal/datastructures/lfu_cache.go:78.43,79.47 1 1
dbms_lab_project/internal/datastructures/lfu_cache.go:79.47,81.3 1 1
dbms_lab_project/internal/datastructures/lfu_cache.go:82.2,84.12 3 1
dbms_lab_project/internal/datastructures/lfu_cache.go:87.43,88.21 1 1
dbms_lab_project/internal/datastructures/lfu_cache.go:88.21,90.3 1 1
dbms_lab_project/internal/datastructures/lfu_cache.go:91.2,91.46 1 1
dbms_lab_project/internal/datastructures/lfu_cache.go:91.46,95.3 3 1
dbms_lab_project/internal/datastructures/lfu_cache.go:97.2,97.26 1 1
dbms_lab_project/internal/datastructures/lfu_cache.go:97.26,99.3 1 1
dbms_lab_project/internal/datastructures/lfu_cache.go:101.2,102.43 2 1
dbms_lab_project/internal/datastructures/lfu_cache.go:102.43,104.3 1 1
dbms_lab_project/internal/datastructures/lfu_cache.go:105.2,108.10 4 1
dbms_lab_project/internal/datastructures/lfu_cache.go:111.39,117.38 5 1
dbms_lab_project/internal/datastructures/lfu_cache.go:117.38,118.13 1 1
dbms_lab_project/internal/datastructures/lfu_cache.go:118.13,120.4 1 0
dbms_lab_project/internal/datastructures/lfu_cache.go:121.3,122.16 2 1
dbms_lab_project/internal/datastructures/lfu_cache.go:124.2,124.20 1 1
dbms_lab_project/internal/datastructures/lfu_cache.go:127.44,135.15 6 1
dbms_lab_project/internal/datastructures/lfu_cache.go:135.15,137.3 1 1
dbms_lab_project/internal/datastructures/lfu_cache.go:138.2,139.20 2 1
dbms_lab_project/internal/datastructures/lfu_cache.go:139.20,141.3 1 0
dbms_lab_project/internal/datastructures/lfu_cache.go:142.2,143.16 2 1
dbms_lab_project/internal/datastructures/lfu_cache.go:143.16,145.3 1 1
dbms_lab_project/internal/datastructures/lfu_cache.go:147.2,147.38 1 1
dbms_lab_project/internal/datastructures/lfu_cache.go:147.38,149.3 1 0
dbms_lab_project/internal/datastructures/lfu_cache.go:151.2,152.29 2 1
dbms_lab_project/internal/datastructures/lfu_cache.go:152.29,154.20 2 1
dbms_lab_project/internal/datastructures/lfu_cache.go:154.20,159.4 4 1
dbms_lab_project/internal/datastructures/lfu_cache.go:163.61,165.46 2 1
dbms_lab_project/internal/datastructures/lfu_cache.go:165.46,167.3 1 1
dbms_lab_project/internal/datastructures/lfu_cache.go:168.2,174.40 4 1
dbms_lab_project/internal/datastructures/lfu_cache.go:174.40,176.3 1 1
dbms_lab_project/internal/datastructures/queue.go:12.24,16.2 1 1
dbms_lab_project/internal/datastructures/queue.go:18.36,20.2 1 1
dbms_lab_project/internal/datastructures/queue.go:22.39,23.22 1 1
dbms_lab_project/internal/datastructures/queue.go:23.22,25.3 1 1
dbms_lab_project/internal/datastructures/queue.go:26.2,28.17 3 1
dbms_lab_project/internal/datastructures/queue.go:31.30,33.2 1 1
dbms_lab_project/internal/datastructures/queue.go:35.36,37.2 1 1
dbms_lab_project/internal/datastructures/queue.go:39.41,41.15 2 1
dbms_lab_project/internal/datastructures/queue.go:41.15,43.3 1 1
dbms_lab_project/internal/datastructures/queue.go:44.2,45.26 2 1
dbms_lab_project/internal/datastructures/queue.go:45.26,47.3 1 1
dbms_lab_project/internal/datastructures/set.go:14.27,15.14 1 1
dbms_lab_project/internal/datastructures/set.go:15.14,17.3 1 1
dbms_lab_project/internal/datastructures/set.go:18.2,23.3 1 1
dbms_lab_project/internal/datastructures/set.go:26.44,28.26 2 1
dbms_lab_project/internal/datastructures/set.go:28.26,30.3 1 1
dbms_lab_project/internal/datastructures/set.go:31.2,31.39 1 1
dbms_lab_project/internal/datastructures/set.go:34.24,40.33 5 1
dbms_lab_project/internal/datastructures/set.go:40.33,41.28 1 1
dbms_lab_project/internal/datastructures/set.go:41.28,43.4 1 1
dbms_lab_project/internal/datastructures/set.go:47.33,48.23 1 1
dbms_lab_project/internal/datastructures/set.go:48.23,50.3 1 1
dbms_lab_project/internal/datastructures/set.go:51.2,51.67 1 1
dbms_lab_project/internal/datastructures/set.go:51.67,53.3 1 1
dbms_lab_project/internal/datastructures/set.go:55.2,56.34 2 1
dbms_lab_project/internal/datastructures/set.go:56.34,58.77 2 1
dbms_lab_project/internal/datastructures/set.go:58.77,62.4 3 1
dbms_lab_project/internal/datastructures/set.go:66.36,68.34 2 1
dbms_lab_project/internal/datastructures/set.go:68.34,70.39 2 1
dbms_lab_project/internal/datastructures/set.go:70.39,72.4 1 1
dbms_lab_project/internal/datastructures/set.go:73.3,73.76 1 1
dbms_lab_project/internal/datastructures/set.go:73.76,77.4 3 1
dbms_lab_project/internal/datastructures/set.go:81.43,83.34 2 1
dbms_lab_project/internal/datastructures/set.go:83.34,85.39 2 1
dbms_lab_project/internal/datastructures/set.go:85.39,87.4 1 1
dbms_lab_project/internal/datastructures/set.go:88.3,88.76 1 1
dbms_lab_project/internal/datastructures/set.go:88.76,90.4 1 1
dbms_lab_project/internal/datastructures/set.go:92.2,92.14 1 0
dbms_lab_project/internal/datastructures/set.go:95.26,97.2 1 0
dbms_lab_project/internal/datastructures/set.go:99.23,102.2 2 1
dbms_lab_project/internal/datastructures/set.go:104.38,106.32 2 1
dbms_lab_project/internal/datastructures/set.go:106.32,107.28 1 1
dbms_lab_project/internal/datastructures/set.go:107.28,109.4 1 1
dbms_lab_project/internal/datastructures/set.go:111.2,111.14 1 1
dbms_lab_project/internal/datastructures/set.go:114.38,116.36 2 1
dbms_lab_project/internal/datastructures/set.go:116.36,118.3 1 1
dbms_lab_project/internal/datastructures/set.go:119.2,119.40 1 1
dbms_lab_project/internal/datastructures/set.go:119.40,121.3 1 1
dbms_lab_project/internal/datastructures/set.go:122.2,122.12 1 1
dbms_lab_project/internal/datastructures/set.go:125.45,127.36 2 1
dbms_lab_project/internal/datastructures/set.go:127.36,128.24 1 1
dbms_lab_project/internal/datastructures/set.go:128.24,130.4 1 1
dbms_lab_project/internal/datastructures/set.go:132.2,132.12 1 1
dbms_lab_project/internal/datastructures/set.go:135.43,137.36 2 1
dbms_lab_project/internal/datastructures/set.go:137.36,138.25 1 1
dbms_lab_project/internal/datastructures/set.go:138.25,140.4 1 1
dbms_lab_project/internal/datastructures/set.go:142.2,142.12 1 1
dbms_lab_project/internal/datastructures/set.go:145.34,148.32 3 1
dbms_lab_project/internal/datastructures/set.go:148.32,149.28 1 1
dbms_lab_project/internal/datastructures/set.go:149.28,150.14 1 1
dbms_lab_project/internal/datastructures/set.go:150.14,152.5 1 0
dbms_lab_project/internal/datastructures/set.go:153.4,154.17 2 1
dbms_lab_project/internal/datastructures/set.go:157.2,157.20 1 1
dbms_lab_project/internal/datastructures/set.go:160.39,162.15 2 1
dbms_lab_project/internal/datastructures/set.go:162.15,164.3 1 1
dbms_lab_project/internal/datastructures/set.go:165.2,166.26 2 1
dbms_lab_project/internal/datastructures/set.go:166.26,168.3 1 1
dbms_lab_project/internal/datastructures/singly_linked_list.go:19.46,21.2 1 1
dbms_lab_project/internal/datastructures/singly_linked_list.go:23.52,26.19 3 1
dbms_lab_project/internal/datastructures/singly_linked_list.go:26.19,28.3 1 1
dbms_lab_project/internal/datastructures/singly_linked_list.go:29.2,29.11 1 1
dbms_lab_project/internal/datastructures/singly_linked_list.go:32.51,34.19 2 1
dbms_lab_project/internal/datastructures/singly_linked_list.go:34.19,37.3 2 1
dbms_lab_project/internal/datastructures/singly_linked_list.go:37.8,40.3 2 1
dbms_lab_project/internal/datastructures/singly_linked_list.go:41.2,41.11 1 1
dbms_lab_project/internal/datastructures/singly_linked_list.go:44.55,45.19 1 1
dbms_lab_project/internal/datastructures/singly_linked_list.go:45.19,47.3 1 1
dbms_lab_project/internal/datastructures/singly_linked_list.go:48.2,50.19 3 1
dbms_lab_project/internal/datastructures/singly_linked_list.go:50.19,52.3 1 1
dbms_lab_project/internal/datastructures/singly_linked_list.go:53.2,54.17 2 1
dbms_lab_project/internal/datastructures/singly_linked_list.go:57.54,58.19 1 1
dbms_lab_project/internal/datastructures/singly_linked_list.go:58.19,60.3 1 1
dbms_lab_project/internal/datastructures/singly_linked_list.go:61.2,61.22 1 1
dbms_lab_project/internal/datastructures/singly_linked_list.go:61.22,67.3 5 1
dbms_lab_project/internal/datastructures/singly_linked_list.go:68.2,69.29 2 1
dbms_lab_project/internal/datastructures/singly_linked_list.go:69.29,71.3 1 0
dbms_lab_project/internal/datastructures/singly_linked_list.go:72.2,76.17 5 1
dbms_lab_project/internal/datastructures/singly_linked_list.go:79.54,80.19 1 1
dbms_lab_project/internal/datastructures/singly_linked_list.go:80.19,82.3 1 0
dbms_lab_project/internal/datastructures/singly_linked_list.go:83.2,83.27 1 1
dbms_lab_project/internal/datastructures/singly_linked_list.go:83.27,85.20 2 1
dbms_lab_project/internal/datastructures/singly_linked_list.go:85.20,87.4 1 0
dbms_lab_project/internal/datastructures/singly_linked_list.go:88.3,89.9 2 1
dbms_lab_project/internal/datastructures/singly_linked_list.go:91.2,92.26 2 1
dbms_lab_project/internal/datastructures/singly_linked_list.go:92.26,93.34 1 1
dbms_lab_project/internal/datastructures/singly_linked_list.go:93.34,95.27 2 1
dbms_lab_project/internal/datastructures/singly_linked_list.go:95.27,97.5 1 1
dbms_lab_project/internal/datastructures/singly_linked_list.go:98.4,99.10 2 1
dbms_lab_project/internal/datastructures/singly_linked_list.go:101.3,101.25 1 0
dbms_lab_project/internal/datastructures/singly_linked_list.go:105.52,107.21 2 1
dbms_lab_project/internal/datastructures/singly_linked_list.go:107.21,108.29 1 1
dbms_lab_project/internal/datastructures/singly_linked_list.go:108.29,110.4 1 1
dbms_lab_project/internal/datastructures/singly_linked_list.go:111.3,111.25 1 1
dbms_lab_project/internal/datastructures/singly_linked_list.go:113.2,113.14 1 1
dbms_lab_project/internal/datastructures/singly_linked_list.go:116.70,118.21 2 1
dbms_lab_project/internal/datastructures/singly_linked_list.go:118.21,119.35 1 1
dbms_lab_project/internal/datastructures/singly_linked_list.go:119.35,122.25 3 1
dbms_lab_project/internal/datastructures/singly_linked_list.go:122.25,124.5 1 1
dbms_lab_project/internal/datastructures/singly_linked_list.go:125.4,126.10 2 1
dbms_lab_project/internal/datastructures/singly_linked_list.go:128.3,128.25 1 0
dbms_lab_project/internal/datastructures/singly_linked_list.go:132.71,133.19 1 1
dbms_lab_project/internal/datastructures/singly_linked_list.go:133.19,135.3 1 0
dbms_lab_project/internal/datastructures/singly_linked_list.go:136.2,136.33 1 1
dbms_lab_project/internal/datastructures/singly_linked_list.go:136.33,139.3 2 1
dbms_lab_project/internal/datastructures/singly_linked_list.go:140.2,141.26 2 1
dbms_lab_project/internal/datastructures/singly_linked_list.go:141.26,142.40 1 1
dbms_lab_project/internal/datastructures/singly_linked_list.go:142.40,147.4 4 1
dbms_lab_project/internal/datastructures/singly_linked_list.go:148.3,148.25 1 1
dbms_lab_project/internal/datastructures/singly_linked_list.go:152.60,154.21 2 1
dbms_lab_project/internal/datastructures/singly_linked_list.go:154.21,155.58 1 1
dbms_lab_project/internal/datastructures/singly_linked_list.go:155.58,156.30 1 1
dbms_lab_project/internal/datastructures/singly_linked_list.go:156.30,158.5 1 1
dbms_lab_project/internal/datastructures/singly_linked_list.go:159.4,161.10 3 1
dbms_lab_project/internal/datastructures/singly_linked_list.go:163.3,163.25 1 1
dbms_lab_project/internal/datastructures/singly_linked_list.go:167.61,168.41 1 1
dbms_lab_project/internal/datastructures/singly_linked_list.go:168.41,170.3 1 0
dbms_lab_project/internal/datastructures/singly_linked_list.go:171.2,171.38 1 1
dbms_lab_project/internal/datastructures/singly_linked_list.go:171.38,174.3 2 1
dbms_lab_project/internal/datastructures/singly_linked_list.go:175.2,176.54 2 1
dbms_lab_project/internal/datastructures/singly_linked_list.go:176.54,177.45 1 1
dbms_lab_project/internal/datastructures/singly_linked_list.go:177.45,181.4 3 1
dbms_lab_project/internal/datastructures/singly_linked_list.go:182.3,182.25 1 1
dbms_lab_project/internal/datastructures/singly_linked_list.go:186.47,189.21 3 1
dbms_lab_project/internal/datastructures/singly_linked_list.go:189.21,191.26 2 1
dbms_lab_project/internal/datastructures/singly_linked_list.go:191.26,193.4 1 1
dbms_lab_project/internal/datastructures/singly_linked_list.go:194.3,194.25 1 1
dbms_lab_project/internal/datastructures/singly_linked_list.go:196.2,196.20 1 1
dbms_lab_project/internal/datastructures/singly_linked_list.go:199.52,203.15 4 1
dbms_lab_project/internal/datastructures/singly_linked_list.go:203.15,205.3 1 1
dbms_lab_project/internal/datastructures/singly_linked_list.go:206.2,207.26 2 1
dbms_lab_project/internal/datastructures/singly_linked_list.go:207.26,209.3 1 1
dbms_lab_project/internal/datastructures/stack.go:12.24,16.2 1 1
dbms_lab_project/internal/datastructures/stack.go:18.36,20.2 1 1
dbms_lab_project/internal/datastructures/stack.go:22.39,23.22 1 1
dbms_lab_project/internal/datastructures/stack.go:23.22,25.3 1 1
dbms_lab_project/internal/datastructures/stack.go:26.2,29.17 4 1
dbms_lab_project/internal/datastructures/stack.go:32.40,33.22 1 1
dbms_lab_project/internal/datastructures/stack.go:33.22,35.3 1 1
dbms_lab_project/internal/datastructures/stack.go:36.2,36.35 1 1
dbms_lab_project/internal/datastructures/stack.go:39.30,41.2 1 1
dbms_lab_project/internal/datastructures/stack.go:43.36,45.2 1 1
dbms_lab_project/internal/datastructures/stack.go:47.41,49.15 2 1
dbms_lab_project/internal/datastructures/stack.go:49.15,51.3 1 1
dbms_lab_project/internal/datastructures/stack.go:52.2,53.26 2 1
dbms_lab_project/internal/datastructures/stack.go:53.26,55.3 1 1
