mode: set
dbms_lab_project/internal/datastructures/array.go:12.24,16.2 1 1
dbms_lab_project/internal/datastructures/array.go:18.40,20.2 1 1
dbms_lab_project/internal/datastructures/array.go:22.55,23.38 1 1
dbms_lab_project/internal/datastructures/array.go:23.38,25.3 1 1
dbms_lab_project/internal/datastructures/array.go:26.2,26.26 1 1
dbms_lab_project/internal/datastructures/array.go:26.26,29.3 2 1
dbms_lab_project/internal/datastructures/array.go:30.2,32.12 3 1
dbms_lab_project/internal/datastructures/array.go:35.48,36.39 1 1
dbms_lab_project/internal/datastructures/array.go:36.39,38.3 1 1
dbms_lab_project/internal/datastructures/array.go:39.2,39.27 1 1
dbms_lab_project/internal/datastructures/array.go:42.41,43.39 1 1
dbms_lab_project/internal/datastructures/array.go:43.39,45.3 1 1
dbms_lab_project/internal/datastructures/array.go:46.2,47.12 2 1
dbms_lab_project/internal/datastructures/array.go:50.52,51.39 1 1
dbms_lab_project/internal/datastructures/array.go:51.39,53.3 1 1
dbms_lab_project/internal/datastructures/array.go:54.2,55.12 2 1
dbms_lab_project/internal/datastructures/array.go:58.28,60.2 1 1
dbms_lab_project/internal/datastructures/array.go:62.25,64.2 1 1
dbms_lab_project/internal/datastructures/array.go:66.36,68.2 1 1
dbms_lab_project/internal/datastructures/array.go:70.41,71.15 1 1
dbms_lab_project/internal/datastructures/array.go:71.15,74.3 2 1
dbms_lab_project/internal/datastructures/array.go:75.2,75.34 1 1
dbms_lab_project/internal/datastructures/doubly_linked_list.go:20.46,22.2 1 1
dbms_lab_project/internal/datastructures/doubly_linked_list.go:24.52,26.19 2 1
dbms_lab_project/internal/datastructures/doubly_linked_list.go:26.19,28.3 1 1
dbms_lab_project/internal/datastructures/doubly_linked_list.go:28.8,30.3 1 1
dbms_lab_project/internal/datastructures/doubly_linked_list.go:31.2,32.11 2 1
dbms_lab_project/internal/datastructures/doubly_linked_list.go:35.51,37.19 2 1
dbms_lab_project/internal/datastructures/doubly_linked_list.go:37.19,39.3 1 1
dbms_lab_project/internal/datastructures/doubly_linked_list.go:39.8,41.3 1 1
dbms_lab_project/internal/datastructures/doubly_linked_list.go:42.2,43.11 2 1
dbms_lab_project/internal/datastructures/doubly_linked_list.go:46.55,47.19 1 1
dbms_lab_project/internal/datastructures/doubly_linked_list.go:47.19,49.3 1 1
dbms_lab_project/internal/datastructures/doubly_linked_list.go:50.2,52.19 3 1
dbms_lab_project/internal/datastructures/doubly_linked_list.go:52.19,54.3 1 1
dbms_lab_project/internal/datastructures/doubly_linked_list.go:54.8,56.3 1 1
dbms_lab_project/internal/datastructures/doubly_linked_list.go:57.2,58.17 2 1
dbms_lab_project/internal/datastructures/doubly_linked_list.go:61.54,62.19 1 1
dbms_lab_project/internal/datastructures/doubly_linked_list.go:62.19,64.3 1 1
dbms_lab_project/internal/datastructures/doubly_linked_list.go:65.2,67.19 3 1
dbms_lab_project/internal/datastructures/doubly_linked_list.go:67.19,69.3 1 1
dbms_lab_project/internal/datastructures/doubly_linked_list.go:69.8,71.3 1 1
dbms_lab_project/internal/datastructures/doubly_linked_list.go:72.2,73.17 2 1
dbms_lab_project/internal/datastructures/doubly_linked_list.go:76.54,78.21 2 1
dbms_lab_project/internal/datastructures/doubly_linked_list.go:78.21,79.29 1 1
dbms_lab_project/internal/datastructures/doubly_linked_list.go:79.29,80.27 1 1
dbms_lab_project/internal/datastructures/doubly_linked_list.go:80.27,82.5 1 1
dbms_lab_project/internal/datastructures/doubly_linked_list.go:82.10,84.5 1 1
dbms_lab_project/internal/datastructures/doubly_linked_list.go:85.4,85.27 1 1
dbms_lab_project/internal/datastructures/doubly_linked_list.go:85.27,87.5 1 1
dbms_lab_project/internal/datastructures/doubly_linked_list.go:87.10,89.5 1 1
dbms_lab_project/internal/datastructures/doubly_linked_list.go:90.4,91.10 2 1
dbms_lab_project/internal/datastructures/doubly_linked_list.go:93.3,93.25 1 1
dbms_lab_project/internal/datastructures/doubly_linked_list.go:97.52,99.21 2 1
dbms_lab_project/internal/datastructures/doubly_linked_list.go:99.21,100.29 1 1
dbms_lab_project/internal/datastructures/doubly_linked_list.go:100.29,102.4 1 1
dbms_lab_project/internal/datastructures/doubly_linked_list.go:103.3,103.25 1 1
dbms_lab_project/internal/datastructures/doubly_linked_list.go:105.2,105.14 1 1
dbms_lab_project/internal/datastructures/doubly_linked_list.go:108.70,110.21 2 1
dbms_lab_project/internal/datastructures/doubly_linked_list.go:110.21,111.35 1 1
dbms_lab_project/internal/datastructures/doubly_linked_list.go:111.35,113.27 2 1
dbms_lab_project/internal/datastructures/doubly_linked_list.go:113.27,115.5 1 1
dbms_lab_project/internal/datastructures/doubly_linked_list.go:115.10,117.5 1 1
dbms_lab_project/internal/datastructures/doubly_linked_list.go:118.4,120.10 3 1
dbms_lab_project/internal/datastructures/doubly_linked_list.go:122.3,122.25 1 1
dbms_lab_project/internal/datastructures/doubly_linked_list.go:126.71,128.21 2 1
dbms_lab_project/internal/datastructures/doubly_linked_list.go:128.21,129.35 1 1
dbms_lab_project/internal/datastructures/doubly_linked_list.go:129.35,131.27 2 1
dbms_lab_project/internal/datastructures/doubly_linked_list.go:131.27,133.5 1 1
dbms_lab_project/internal/datastructures/doubly_linked_list.go:133.10,135.5 1 1
dbms_lab_project/internal/datastructures/doubly_linked_list.go:136.4,138.10 3 1
dbms_lab_project/internal/datastructures/doubly_linked_list.go:140.3,140.25 1 1
dbms_lab_project/internal/datastructures/doubly_linked_list.go:144.60,146.21 2 1
dbms_lab_project/internal/datastructures/doubly_linked_list.go:146.21,147.58 1 1
dbms_lab_project/internal/datastructures/doubly_linked_list.go:147.58,150.28 3 1
dbms_lab_project/internal/datastructures/doubly_linked_list.go:150.28,152.5 1 1
dbms_lab_project/internal/datastructures/doubly_linked_list.go:152.10,154.5 1 1
dbms_lab_project/internal/datastructures/doubly_linked_list.go:155.4,156.10 2 1
dbms_lab_project/internal/datastructures/doubly_linked_list.go:158.3,158.25 1 1
dbms_lab_project/internal/datastructures/doubly_linked_list.go:162.61,164.21 2 1
dbms_lab_project/internal/datastructures/doubly_linked_list.go:164.21,165.58 1 1
dbms_lab_project/internal/datastructures/doubly_linked_list.go:165.58,167.28 2 1
dbms_lab_project/internal/datastructures/doubly_linked_list.go:167.28,169.5 1 1
dbms_lab_project/internal/datastructures/doubly_linked_list.go:169.10,171.5 1 1
dbms_lab_project/internal/datastructures/doubly_linked_list.go:172.4,174.10 3 1
dbms_lab_project/internal/datastructures/doubly_linked_list.go:176.3,176.25 1 1
dbms_lab_project/internal/datastructures/doubly_linked_list.go:180.39,182.2 1 1
dbms_lab_project/internal/datastructures/doubly_linked_list.go:184.47,187.21 3 1
dbms_lab_project/internal/datastructures/doubly_linked_list.go:187.21,189.26 2 1
dbms_lab_project/internal/datastructures/doubly_linked_list.go:189.26,191.4 1 1
dbms_lab_project/internal/datastructures/doubly_linked_list.go:192.3,192.25 1 1
dbms_lab_project/internal/datastructures/doubly_linked_list.go:194.2,194.20 1 1
dbms_lab_project/internal/datastructures/doubly_linked_list.go:197.52,201.15 4 1
dbms_lab_project/internal/datastructures/doubly_linked_list.go:201.15,203.3 1 1
dbms_lab_project/internal/datastructures/doubly_linked_list.go:204.2,205.26 2 1
dbms_lab_project/internal/datastructures/doubly_linked_list.go:205.26,207.3 1 1
dbms_lab_project/internal/datastructures/full_binary_tree.go:17.42,19.2 1 1
dbms_lab_project/internal/datastructures/full_binary_tree.go:21.47,22.19 1 1
dbms_lab_project/internal/datastructures/full_binary_tree.go:22.19,25.3 2 1
dbms_lab_project/internal/datastructures/full_binary_tree.go:26.2,27.21 2 1
dbms_lab_project/internal/datastructures/full_binary_tree.go:27.21,31.26 3 1
dbms_lab_project/internal/datastructures/full_binary_tree.go:31.26,34.4 2 1
dbms_lab_project/internal/datastructures/full_binary_tree.go:34.9,36.4 1 1
dbms_lab_project/internal/datastructures/full_binary_tree.go:38.3,38.27 1 1
dbms_lab_project/internal/datastructures/full_binary_tree.go:38.27,41.4 2 1
dbms_lab_project/internal/datastructures/full_binary_tree.go:41.9,43.4 1 1
dbms_lab_project/internal/datastructures/full_binary_tree.go:47.50,49.2 1 1
dbms_lab_project/internal/datastructures/full_binary_tree.go:51.73,52.17 1 1
dbms_lab_project/internal/datastructures/full_binary_tree.go:52.17,54.3 1 1
dbms_lab_project/internal/datastructures/full_binary_tree.go:55.2,55.24 1 1
dbms_lab_project/internal/datastructures/full_binary_tree.go:55.24,57.3 1 1
dbms_lab_project/internal/datastructures/full_binary_tree.go:58.2,58.80 1 1
dbms_lab_project/internal/datastructures/full_binary_tree.go:61.40,63.2 1 1
dbms_lab_project/internal/datastructures/full_binary_tree.go:65.61,66.17 1 1
dbms_lab_project/internal/datastructures/full_binary_tree.go:66.17,68.3 1 0
dbms_lab_project/internal/datastructures/full_binary_tree.go:69.2,69.43 1 1
dbms_lab_project/internal/datastructures/full_binary_tree.go:69.43,71.3 1 1
dbms_lab_project/internal/datastructures/full_binary_tree.go:72.2,72.43 1 1
dbms_lab_project/internal/datastructures/full_binary_tree.go:72.43,74.3 1 1
dbms_lab_project/internal/datastructures/full_binary_tree.go:75.2,75.14 1 1
dbms_lab_project/internal/datastructures/full_binary_tree.go:78.45,82.44 4 1
dbms_lab_project/internal/datastructures/full_binary_tree.go:82.44,84.3 1 1
dbms_lab_project/internal/datastructures/full_binary_tree.go:85.2,85.12 1 1
dbms_lab_project/internal/datastructures/full_binary_tree.go:88.91,89.17 1 1
dbms_lab_project/internal/datastructures/full_binary_tree.go:89.17,91.3 1 1
dbms_lab_project/internal/datastructures/full_binary_tree.go:92.2,96.47 5 1
dbms_lab_project/internal/datastructures/full_binary_tree.go:99.50,101.15 2 1
dbms_lab_project/internal/datastructures/full_binary_tree.go:101.15,103.3 1 1
dbms_lab_project/internal/datastructures/full_binary_tree.go:104.2,105.21 2 1
dbms_lab_project/internal/datastructures/full_binary_tree.go:105.21,107.3 1 0
dbms_lab_project/internal/datastructures/full_binary_tree.go:109.2,112.34 3 1
dbms_lab_project/internal/datastructures/full_binary_tree.go:112.34,115.34 3 1
dbms_lab_project/internal/datastructures/full_binary_tree.go:115.34,116.22 1 1
dbms_lab_project/internal/datastructures/full_binary_tree.go:116.22,118.5 1 1
dbms_lab_project/internal/datastructures/full_binary_tree.go:118.10,119.10 1 1
dbms_lab_project/internal/datastructures/full_binary_tree.go:122.3,125.49 3 1
dbms_lab_project/internal/datastructures/full_binary_tree.go:125.49,127.12 1 1
dbms_lab_project/internal/datastructures/full_binary_tree.go:129.3,131.25 2 1
dbms_lab_project/internal/datastructures/full_binary_tree.go:131.25,133.4 1 1
dbms_lab_project/internal/datastructures/full_binary_tree.go:133.9,135.4 1 0
dbms_lab_project/internal/datastructures/full_binary_tree.go:137.3,137.32 1 1
dbms_lab_project/internal/datastructures/full_binary_tree.go:137.32,139.4 1 1
dbms_lab_project/internal/datastructures/full_binary_tree.go:139.9,141.4 1 0
dbms_lab_project/internal/datastructures/hash_table_chaining.go:19.55,20.14 1 1
dbms_lab_project/internal/datastructures/hash_table_chaining.go:20.14,22.3 1 1
dbms_lab_project/internal/datastructures/hash_table_chaining.go:23.2,26.3 1 1
dbms_lab_project/internal/datastructures/hash_table_chaining.go:29.57,31.24 2 1
dbms_lab_project/internal/datastructures/hash_table_chaining.go:31.24,33.3 1 1
dbms_lab_project/internal/datastructures/hash_table_chaining.go:34.2,34.40 1 1
dbms_lab_project/internal/datastructures/hash_table_chaining.go:37.53,39.35 2 1
dbms_lab_project/internal/datastructures/hash_table_chaining.go:39.35,40.20 1 1
dbms_lab_project/internal/datastructures/hash_table_chaining.go:40.20,43.4 2 1
dbms_lab_project/internal/datastructures/hash_table_chaining.go:45.2,45.67 1 1
dbms_lab_project/internal/datastructures/hash_table_chaining.go:48.62,50.35 2 1
dbms_lab_project/internal/datastructures/hash_table_chaining.go:50.35,51.20 1 1
dbms_lab_project/internal/datastructures/hash_table_chaining.go:51.20,53.4 1 1
dbms_lab_project/internal/datastructures/hash_table_chaining.go:55.2,55.40 1 1
dbms_lab_project/internal/datastructures/hash_table_chaining.go:58.49,60.35 2 1
dbms_lab_project/internal/datastructures/hash_table_chaining.go:60.35,61.20 1 1
dbms_lab_project/internal/datastructures/hash_table_chaining.go:61.20,65.4 2 1
dbms_lab_project/internal/datastructures/hash_table_chaining.go:69.49,72.34 3 1
dbms_lab_project/internal/datastructures/hash_table_chaining.go:72.34,73.29 1 1
dbms_lab_project/internal/datastructures/hash_table_chaining.go:73.29,74.14 1 1
dbms_lab_project/internal/datastructures/hash_table_chaining.go:74.14,76.5 1 1
dbms_lab_project/internal/datastructures/hash_table_chaining.go:77.4,78.17 2 1
dbms_lab_project/internal/datastructures/hash_table_chaining.go:81.2,81.20 1 1
dbms_lab_project/internal/datastructures/hash_table_chaining.go:84.54,87.15 2 1
dbms_lab_project/internal/datastructures/hash_table_chaining.go:87.15,89.3 1 1
dbms_lab_project/internal/datastructures/hash_table_chaining.go:90.2,91.26 2 1
dbms_lab_project/internal/datastructures/hash_table_chaining.go:91.26,93.19 2 1
dbms_lab_project/internal/datastructures/hash_table_chaining.go:93.19,95.4 1 1
dbms_lab_project/internal/datastructures/hash_table_open_addr.go:30.55,31.14 1 1
dbms_lab_project/internal/datastructures/hash_table_open_addr.go:31.14,33.3 1 1
dbms_lab_project/internal/datastructures/hash_table_open_addr.go:34.2,39.3 1 1
dbms_lab_project/internal/datastructures/hash_table_open_addr.go:42.57,44.24 2 1
dbms_lab_project/internal/datastructures/hash_table_open_addr.go:44.24,46.3 1 1
dbms_lab_project/internal/datastructures/hash_table_open_addr.go:47.2,47.40 1 1
dbms_lab_project/internal/datastructures/hash_table_open_addr.go:50.39,56.33 5 1
dbms_lab_project/internal/datastructures/hash_table_open_addr.go:56.33,57.28 1 1
dbms_lab_project/internal/datastructures/hash_table_open_addr.go:57.28,59.4 1 1
dbms_lab_project/internal/datastructures/hash_table_open_addr.go:63.53,64.70 1 1
dbms_lab_project/internal/datastructures/hash_table_open_addr.go:64.70,66.3 1 1
dbms_lab_project/internal/datastructures/hash_table_open_addr.go:68.2,69.35 2 1
dbms_lab_project/internal/datastructures/hash_table_open_addr.go:69.35,71.79 2 1
dbms_lab_project/internal/datastructures/hash_table_open_addr.go:71.79,75.4 3 1
dbms_lab_project/internal/datastructures/hash_table_open_addr.go:75.9,75.81 1 1
dbms_lab_project/internal/datastructures/hash_table_open_addr.go:75.81,78.4 2 1
dbms_lab_project/internal/datastructures/hash_table_open_addr.go:82.62,84.35 2 1
dbms_lab_project/internal/datastructures/hash_table_open_addr.go:84.35,86.40 2 1
dbms_lab_project/internal/datastructures/hash_table_open_addr.go:86.40,88.4 1 1
dbms_lab_project/internal/datastructures/hash_table_open_addr.go:89.3,89.74 1 1
dbms_lab_project/internal/datastructures/hash_table_open_addr.go:89.74,91.4 1 1
dbms_lab_project/internal/datastructures/hash_table_open_addr.go:93.2,93.40 1 1
dbms_lab_project/internal/datastructures/hash_table_open_addr.go:96.49,98.35 2 1
dbms_lab_project/internal/datastructures/hash_table_open_addr.go:98.35,100.40 2 1
dbms_lab_project/internal/datastructures/hash_table_open_addr.go:100.40,102.4 1 1
dbms_lab_project/internal/datastructures/hash_table_open_addr.go:103.3,103.74 1 1
dbms_lab_project/internal/datastructures/hash_table_open_addr.go:103.74,107.4 3 1
dbms_lab_project/internal/datastructures/hash_table_open_addr.go:111.38,114.2 2 1
dbms_lab_project/internal/datastructures/hash_table_open_addr.go:116.49,119.33 3 1
dbms_lab_project/internal/datastructures/hash_table_open_addr.go:119.33,120.28 1 1
dbms_lab_project/internal/datastructures/hash_table_open_addr.go:120.28,121.14 1 1
dbms_lab_project/internal/datastructures/hash_table_open_addr.go:121.14,123.5 1 1
dbms_lab_project/internal/datastructures/hash_table_open_addr.go:124.4,125.17 2 1
dbms_lab_project/internal/datastructures/hash_table_open_addr.go:128.2,128.20 1 1
dbms_lab_project/internal/datastructures/hash_table_open_addr.go:131.54,133.15 2 1
dbms_lab_project/internal/datastructures/hash_table_open_addr.go:133.15,135.3 1 1
dbms_lab_project/internal/datastructures/hash_table_open_addr.go:136.2,137.26 2 1
dbms_lab_project/internal/datastructures/hash_table_open_addr.go:137.26,139.19 2 1
dbms_lab_project/internal/datastructures/hash_table_open_addr.go:139.19,141.4 1 1
dbms_lab_project/internal/datastructures/lfu_cache.go:24.37,33.2 1 1
dbms_lab_project/internal/datastructures/lfu_cache.go:35.48,44.24 7 1
dbms_lab_project/internal/datastructures/lfu_cache.go:44.24,46.24 2 1
dbms_lab_project/internal/datastructures/lfu_cache.go:46.24,48.4 1 1
dbms_lab_project/internal/datastructures/lfu_cache.go:52.2,53.49 2 1
dbms_lab_project/internal/datastructures/lfu_cache.go:53.49,55.3 1 1
dbms_lab_project/internal/datastructures/lfu_cache.go:56.2,58.32 3 1
dbms_lab_project/internal/datastructures/lfu_cache.go:61.28,62.17 1 1
dbms_lab_project/internal/datastructures/lfu_cache.go:62.17,64.3 1 1
dbms_lab_project/internal/datastructures/lfu_cache.go:65.2,69.24 5 1
dbms_lab_project/internal/datastructures/lfu_cache.go:69.24,71.3 1 1
dbms_lab_project/internal/datastructures/lfu_cache.go:73.2,75.10 3 1
dbms_lab_project/internal/datastructures/lfu_cache.go:78.43,79.47 1 1
dbms_lab_project/internal/datastructures/lfu_cache.go:79.47,81.3 1 1
dbms_lab_project/internal/datastructures/lfu_cache.go:82.2,84.12 3 1
dbms_lab_project/internal/datastructures/lfu_cache.go:87.43,88.21 1 1
dbms_lab_project/internal/datastructures/lfu_cache.go:88.21,90.3 1 1
dbms_lab_project/internal/datastructures/lfu_cache.go:91.2,91.46 1 1
dbms_lab_project/internal/datastructures/lfu_cache.go:91.46,95.3 3 1
dbms_lab_project/internal/datastructures/lfu_cache.go:97.2,97.26 1 1
dbms_lab_project/internal/datastructures/lfu_cache.go:97.26,99.3 1 1
dbms_lab_project/internal/datastructures/lfu_cache.go:101.2,102.43 2 1
dbms_lab_project/internal/datastructures/lfu_cache.go:102.43,104.3 1 1
dbms_lab_project/internal/datastructures/lfu_cache.go:105.2,108.10 4 1
dbms_lab_project/internal/datastructures/lfu_cache.go:111.39,117.38 5 1
dbms_lab_project/internal/datastructures/lfu_cache.go:117.38,118.13 1 1
dbms_lab_project/internal/datastructures/lfu_cache.go:118.13,120.4 1 1
dbms_lab_project/internal/datastructures/lfu_cache.go:121.3,122.16 2 1
dbms_lab_project/internal/datastructures/lfu_cache.go:124.2,124.20 1 1
dbms_lab_project/internal/datastructures/lfu_cache.go:127.44,135.15 6 1
dbms_lab_project/internal/datastructures/lfu_cache.go:135.15,137.3 1 1
dbms_lab_project/internal/datastructures/lfu_cache.go:138.2,139.20 2 1
dbms_lab_project/internal/datastructures/lfu_cache.go:139.20,141.3 1 0
dbms_lab_project/internal/datastructures/lfu_cache.go:142.2,143.16 2 1
dbms_lab_project/internal/datastructures/lfu_cache.go:143.16,145.3 1 1
dbms_lab_project/internal/datastructures/lfu_cache.go:147.2,147.38 1 1
dbms_lab_project/internal/datastructures/lfu_cache.go:147.38,149.3 1 1
dbms_lab_project/internal/datastructures/lfu_cache.go:151.2,152.29 2 1
dbms_lab_project/internal/datastructures/lfu_cache.go:152.29,154.20 2 1
dbms_lab_project/internal/datastructures/lfu_cache.go:154.20,159.4 4 1
dbms_lab_project/internal/datastructures/lfu_cache.go:163.61,165.46 2 1
dbms_lab_project/internal/datastructures/lfu_cache.go:165.46,167.3 1 1
dbms_lab_project/internal/datastructures/lfu_cache.go:168.2,174.40 4 1
dbms_lab_project/internal/datastructures/lfu_cache.go:174.40,176.3 1 1
dbms_lab_project/internal/datastructures/queue.go:12.24,16.2 1 1
dbms_lab_project/internal/datastructures/queue.go:18.36,20.2 1 1
dbms_lab_project/internal/datastructures/queue.go:22.39,23.22 1 1
dbms_lab_project/internal/datastructures/queue.go:23.22,25.3 1 1
dbms_lab_project/internal/datastructures/queue.go:26.2,28.17 3 1
dbms_lab_project/internal/datastructures/queue.go:31.30,33.2 1 1
dbms_lab_project/internal/datastructures/queue.go:35.36,37.2 1 1
dbms_lab_project/internal/datastructures/queue.go:39.41,41.15 2 1
dbms_lab_project/internal/datastructures/queue.go:41.15,43.3 1 1
dbms_lab_project/internal/datastructures/queue.go:44.2,45.26 2 1
dbms_lab_project/internal/datastructures/queue.go:45.26,47.3 1 1
dbms_lab_project/internal/datastructures/set.go:14.27,15.14 1 1
dbms_lab_project/internal/datastructures/set.go:15.14,17.3 1 1
dbms_lab_project/internal/datastructures/set.go:18.2,23.3 1 1
dbms_lab_project/internal/datastructures/set.go:26.44,28.26 2 1
dbms_lab_project/internal/datastructures/set.go:28.26,30.3 1 1
dbms_lab_project/internal/datastructures/set.go:31.2,31.39 1 1
dbms_lab_project/internal/datastructures/set.go:34.24,40.33 5 1
dbms_lab_project/internal/datastructures/set.go:40.33,41.28 1 1
dbms_lab_project/internal/datastructures/set.go:41.28,43.4 1 1
dbms_lab_project/internal/datastructures/set.go:47.33,48.23 1 1
dbms_lab_project/internal/datastructures/set.go:48.23,50.3 1 1
dbms_lab_project/internal/datastructures/set.go:51.2,51.67 1 1
dbms_lab_project/internal/datastructures/set.go:51.67,53.3 1 1
dbms_lab_project/internal/datastructures/set.go:55.2,56.34 2 1
dbms_lab_project/internal/datastructures/set.go:56.34,58.77 2 1
dbms_lab_project/internal/datastructures/set.go:58.77,62.4 3 1
dbms_lab_project/internal/datastructures/set.go:66.36,68.34 2 1
dbms_lab_project/internal/datastructures/set.go:68.34,70.39 2 1
dbms_lab_project/internal/datastructures/set.go:70.39,72.4 1 1
dbms_lab_project/internal/datastructures/set.go:73.3,73.76 1 1
dbms_lab_project/internal/datastructures/set.go:73.76,77.4 3 1
dbms_lab_project/internal/datastructures/set.go:81.43,83.34 2 1
dbms_lab_project/internal/datastructures/set.go:83.34,85.39 2 1
dbms_lab_project/internal/datastructures/set.go:85.39,87.4 1 1
dbms_lab_project/internal/datastructures/set.go:88.3,88.76 1 1
dbms_lab_project/internal/datastructures/set.go:88.76,90.4 1 1
dbms_lab_project/internal/datastructures/set.go:92.2,92.14 1 1
dbms_lab_project/internal/datastructures/set.go:95.26,97.2 1 1
dbms_lab_project/internal/datastructures/set.go:99.23,102.2 2 1
dbms_lab_project/internal/datastructures/set.go:104.38,106.32 2 1
dbms_lab_project/internal/datastructures/set.go:106.32,107.28 1 1
dbms_lab_project/internal/datastructures/set.go:107.28,109.4 1 1
dbms_lab_project/internal/datastructures/set.go:111.2,111.14 1 1
dbms_lab_project/internal/datastructures/set.go:114.38,116.36 2 1
dbms_lab_project/internal/datastructures/set.go:116.36,118.3 1 1
dbms_lab_project/internal/datastructures/set.go:119.2,119.40 1 1
dbms_lab_project/internal/datastructures/set.go:119.40,121.3 1 1
dbms_lab_project/internal/datastructures/set.go:122.2,122.12 1 1
dbms_lab_project/internal/datastructures/set.go:125.45,127.36 2 1
dbms_lab_project/internal/datastructures/set.go:127.36,128.24 1 1
dbms_lab_project/internal/datastructures/set.go:128.24,130.4 1 1
dbms_lab_project/internal/datastructures/set.go:132.2,132.12 1 1
dbms_lab_project/internal/datastructures/set.go:135.43,137.36 2 1
dbms_lab_project/internal/datastructures/set.go:137.36,138.25 1 1
dbms_lab_project/internal/datastructures/set.go:138.25,140.4 1 1
dbms_lab_project/internal/datastructures/set.go:142.2,142.12 1 1
dbms_lab_project/internal/datastructures/set.go:145.34,148.32 3 1
dbms_lab_project/internal/datastructures/set.go:148.32,149.28 1 1
dbms_lab_project/internal/datastructures/set.go:149.28,150.14 1 1
dbms_lab_project/internal/datastructures/set.go:150.14,152.5 1 1
dbms_lab_project/internal/datastructures/set.go:153.4,154.17 2 1
dbms_lab_project/internal/datastructures/set.go:157.2,157.20 1 1
dbms_lab_project/internal/datastructures/set.go:160.39,162.15 2 1
dbms_lab_project/internal/datastructures/set.go:162.15,164.3 1 1
dbms_lab_project/internal/datastructures/set.go:165.2,166.26 2 1
dbms_lab_project/internal/datastructures/set.go:166.26,168.3 1 1
dbms_lab_project/internal/datastructures/singly_linked_list.go:19.46,21.2 1 1
dbms_lab_project/internal/datastructures/singly_linked_list.go:23.52,26.19 3 1
dbms_lab_project/internal/datastructures/singly_linked_list.go:26.19,28.3 1 1
dbms_lab_project/internal/datastructures/singly_linked_list.go:29.2,29.11 1 1
dbms_lab_project/internal/datastructures/singly_linked_list.go:32.51,34.19 2 1
dbms_lab_project/internal/datastructures/singly_linked_list.go:34.19,37.3 2 1
dbms_lab_project/internal/datastructures/singly_linked_list.go:37.8,40.3 2 1
dbms_lab_project/internal/datastructures/singly_linked_list.go:41.2,41.11 1 1
dbms_lab_project/internal/datastructures/singly_linked_list.go:44.55,45.19 1 1
dbms_lab_project/internal/datastructures/singly_linked_list.go:45.19,47.3 1 1
dbms_lab_project/internal/datastructures/singly_linked_list.go:48.2,50.19 3 1
dbms_lab_project/internal/datastructures/singly_linked_list.go:50.19,52.3 1 1
dbms_lab_project/internal/datastructures/singly_linked_list.go:53.2,54.17 2 1
dbms_lab_project/internal/datastructures/singly_linked_list.go:57.54,58.19 1 1
dbms_lab_project/internal/datastructures/singly_linked_list.go:58.19,60.3 1 1
dbms_lab_project/internal/datastructures/singly_linked_list.go:61.2,61.22 1 1
dbms_lab_project/internal/datastructures/singly_linked_list.go:61.22,67.3 5 1
dbms_lab_project/internal/datastructures/singly_linked_list.go:68.2,69.29 2 1
dbms_lab_project/internal/datastructures/singly_linked_list.go:69.29,71.3 1 1
dbms_lab_project/internal/datastructures/singly_linked_list.go:72.2,76.17 5 1
dbms_lab_project/internal/datastructures/singly_linked_list.go:79.54,80.19 1 1
dbms_lab_project/internal/datastructures/singly_linked_list.go:80.19,82.3 1 1
dbms_lab_project/internal/datastructures/singly_linked_list.go:83.2,83.27 1 1
dbms_lab_project/internal/datastructures/singly_linked_list.go:83.27,85.20 2 1
dbms_lab_project/internal/datastructures/singly_linked_list.go:85.20,87.4 1 1
dbms_lab_project/internal/datastructures/singly_linked_list.go:88.3,89.9 2 1
dbms_lab_project/internal/datastructures/singly_linked_list.go:91.2,92.26 2 1
dbms_lab_project/internal/datastructures/singly_linked_list.go:92.26,93.34 1 1
dbms_lab_project/internal/datastructures/singly_linked_list.go:93.34,95.27 2 1
dbms_lab_project/internal/datastructures/singly_linked_list.go:95.27,97.5 1 1
dbms_lab_project/internal/datastructures/singly_linked_list.go:98.4,99.10 2 1
dbms_lab_project/internal/datastructures/singly_linked_list.go:101.3,101.25 1 1
dbms_lab_project/internal/datastructures/singly_linked_list.go:105.52,107.21 2 1
dbms_lab_project/internal/datastructures/singly_linked_list.go:107.21,108.29 1 1
dbms_lab_project/internal/datastructures/singly_linked_list.go:108.29,110.4 1 1
dbms_lab_project/internal/datastructures/singly_linked_list.go:111.3,111.25 1 1
dbms_lab_project/internal/datastructures/singly_linked_list.go:113.2,113.14 1 1
dbms_lab_project/internal/datastructures/singly_linked_list.go:116.70,118.21 2 1
dbms_lab_project/internal/datastructures/singly_linked_list.go:118.21,119.35 1 1
dbms_lab_project/internal/datastructures/singly_linked_list.go:119.35,122.25 3 1
dbms_lab_project/internal/datastructures/singly_linked_list.go:122.25,124.5 1 1
dbms_lab_project/internal/datastructures/singly_linked_list.go:125.4,126.10 2 1
dbms_lab_project/internal/datastructures/singly_linked_list.go:128.3,128.25 1 1
dbms_lab_project/internal/datastructures/singly_linked_list.go:132.71,133.19 1 1
dbms_lab_project/internal/datastructures/singly_linked_list.go:133.19,135.3 1 1
dbms_lab_project/internal/datastructures/singly_linked_list.go:136.2,136.33 1 1
dbms_lab_project/internal/datastructures/singly_linked_list.go:136.33,139.3 2 1
dbms_lab_project/internal/datastructures/singly_linked_list.go:140.2,141.26 2 1
dbms_lab_project/internal/datastructures/singly_linked_list.go:141.26,142.40 1 1
dbms_lab_project/internal/datastructures/singly_linked_list.go:142.40,147.4 4 1
dbms_lab_project/internal/datastructures/singly_linked_list.go:148.3,148.25 1 1
dbms_lab_project/internal/datastructures/singly_linked_list.go:152.60,154.21 2 1
dbms_lab_project/internal/datastructures/singly_linked_list.go:154.21,155.58 1 1
dbms_lab_project/internal/datastructures/singly_linked_list.go:155.58,156.30 1 1
dbms_lab_project/internal/datastructures/singly_linked_list.go:156.30,158.5 1 1
dbms_lab_project/internal/datastructures/singly_linked_list.go:159.4,161.10 3 1
dbms_lab_project/internal/datastructures/singly_linked_list.go:163.3,163.25 1 1
dbms_lab_project/internal/datastructures/singly_linked_list.go:167.61,168.41 1 1
dbms_lab_project/internal/datastructures/singly_linked_list.go:168.41,170.3 1 1
dbms_lab_project/internal/datastructures/singly_linked_list.go:171.2,171.38 1 1
dbms_lab_project/internal/datastructures/singly_linked_list.go:171.38,174.3 2 1
dbms_lab_project/internal/datastructures/singly_linked_list.go:175.2,176.54 2 1
dbms_lab_project/internal/datastructures/singly_linked_list.go:176.54,177.45 1 1
dbms_lab_project/internal/datastructures/singly_linked_list.go:177.45,181.4 3 1
dbms_lab_project/internal/datastructures/singly_linked_list.go:182.3,182.25 1 1
dbms_lab_project/internal/datastructures/singly_linked_list.go:186.47,189.21 3 1
dbms_lab_project/internal/datastructures/singly_linked_list.go:189.21,191.26 2 1
dbms_lab_project/internal/datastructures/singly_linked_list.go:191.26,193.4 1 1
dbms_lab_project/internal/datastructures/singly_linked_list.go:194.3,194.25 1 1
dbms_lab_project/internal/datastructures/singly_linked_list.go:196.2,196.20 1 1
dbms_lab_project/internal/datastructures/singly_linked_list.go:199.52,203.15 4 1
dbms_lab_project/internal/datastructures/singly_linked_list.go:203.15,205.3 1 1
dbms_lab_project/internal/datastructures/singly_linked_list.go:206.2,207.26 2 1
dbms_lab_project/internal/datastructures/singly_linked_list.go:207.26,209.3 1 1
dbms_lab_project/internal/datastructures/stack.go:12.24,16.2 1 1
dbms_lab_project/internal/datastructures/stack.go:18.36,20.2 1 1
dbms_lab_project/internal/datastructures/stack.go:22.39,23.22 1 1
dbms_lab_project/internal/datastructures/stack.go:23.22,25.3 1 1
dbms_lab_project/internal/datastructures/stack.go:26.2,29.17 4 1
dbms_lab_project/internal/datastructures/stack.go:32.40,33.22 1 1
dbms_lab_project/internal/datastructures/stack.go:33.22,35.3 1 1
dbms_lab_project/internal/datastructures/stack.go:36.2,36.35 1 1
dbms_lab_project/internal/datastructures/stack.go:39.30,41.2 1 1
dbms_lab_project/internal/datastructures/stack.go:43.36,45.2 1 1
dbms_lab_project/internal/datastructures/stack.go:47.41,49.15 2 1
dbms_lab_project/internal/datastructures/stack.go:49.15,51.3 1 1
dbms_lab_project/internal/datastructures/stack.go:52.2,53.26 2 1
dbms_lab_project/internal/datastructures/stack.go:53.26,55.3 1 1
dbms_lab_project/internal/dbms/command_parser.go:9.35,11.2 1 1
dbms_lab_project/internal/dbms/dbms.go:23.22,36.2 1 1
dbms_lab_project/internal/dbms/dbms.go:38.25,49.2 10 1
dbms_lab_project/internal/dbms/dbms.go:51.59,52.17 1 1
dbms_lab_project/internal/dbms/dbms.go:53.15,56.24 3 1
dbms_lab_project/internal/dbms/dbms.go:57.26,60.27 3 1
dbms_lab_project/internal/dbms/dbms.go:61.26,64.27 3 1
dbms_lab_project/internal/dbms/dbms.go:65.15,68.22 3 1
dbms_lab_project/internal/dbms/dbms.go:69.15,72.22 3 1
dbms_lab_project/internal/dbms/dbms.go:73.24,76.21 3 1
dbms_lab_project/internal/dbms/dbms.go:77.13,80.20 3 1
dbms_lab_project/internal/dbms/dbms.go:81.18,84.25 3 1
dbms_lab_project/internal/dbms/dbms.go:85.27,88.27 3 1
dbms_lab_project/internal/dbms/dbms.go:89.27,92.27 3 1
dbms_lab_project/internal/dbms/dbms.go:96.39,98.33 2 1
dbms_lab_project/internal/dbms/dbms.go:98.33,100.3 1 1
dbms_lab_project/internal/dbms/dbms.go:101.2,101.38 1 1
dbms_lab_project/internal/dbms/dbms.go:101.38,103.3 1 1
dbms_lab_project/internal/dbms/dbms.go:104.2,104.38 1 1
dbms_lab_project/internal/dbms/dbms.go:104.38,106.3 1 1
dbms_lab_project/internal/dbms/dbms.go:107.2,107.33 1 1
dbms_lab_project/internal/dbms/dbms.go:107.33,109.3 1 1
dbms_lab_project/internal/dbms/dbms.go:110.2,110.33 1 1
dbms_lab_project/internal/dbms/dbms.go:110.33,112.3 1 1
dbms_lab_project/internal/dbms/dbms.go:113.2,113.32 1 1
dbms_lab_project/internal/dbms/dbms.go:113.32,115.3 1 1
dbms_lab_project/internal/dbms/dbms.go:116.2,116.31 1 1
dbms_lab_project/internal/dbms/dbms.go:116.31,118.3 1 1
dbms_lab_project/internal/dbms/dbms.go:119.2,119.36 1 1
dbms_lab_project/internal/dbms/dbms.go:119.36,121.3 1 1
dbms_lab_project/internal/dbms/dbms.go:122.2,122.37 1 1
dbms_lab_project/internal/dbms/dbms.go:122.37,124.3 1 1
dbms_lab_project/internal/dbms/dbms.go:125.2,125.37 1 1
dbms_lab_project/internal/dbms/dbms.go:125.37,127.3 1 1
dbms_lab_project/internal/dbms/dbms.go:128.2,128.20 1 1
dbms_lab_project/internal/dbms/dbms.go:131.50,132.23 1 1
dbms_lab_project/internal/dbms/dbms.go:132.23,134.3 1 1
dbms_lab_project/internal/dbms/dbms.go:135.2,136.20 2 1
dbms_lab_project/internal/dbms/dbms.go:136.20,138.3 1 1
dbms_lab_project/internal/dbms/dbms.go:139.2,139.21 1 1
dbms_lab_project/internal/dbms/dbms.go:139.21,140.23 1 1
dbms_lab_project/internal/dbms/dbms.go:140.23,142.4 1 1
dbms_lab_project/internal/dbms/dbms.go:143.3,143.41 1 1
dbms_lab_project/internal/dbms/dbms.go:143.41,144.17 1 1
dbms_lab_project/internal/dbms/dbms.go:144.17,146.5 1 1
dbms_lab_project/internal/dbms/dbms.go:147.4,147.21 1 1
dbms_lab_project/internal/dbms/dbms.go:149.3,149.56 1 1
dbms_lab_project/internal/dbms/dbms.go:152.2,152.21 1 1
dbms_lab_project/internal/dbms/dbms.go:152.21,153.23 1 1
dbms_lab_project/internal/dbms/dbms.go:153.23,155.4 1 1
dbms_lab_project/internal/dbms/dbms.go:156.3,156.41 1 1
dbms_lab_project/internal/dbms/dbms.go:156.41,157.17 1 1
dbms_lab_project/internal/dbms/dbms.go:157.17,159.5 1 0
dbms_lab_project/internal/dbms/dbms.go:160.4,160.21 1 1
dbms_lab_project/internal/dbms/dbms.go:162.3,162.56 1 1
dbms_lab_project/internal/dbms/dbms.go:165.2,165.22 1 1
dbms_lab_project/internal/dbms/dbms.go:165.22,167.3 1 1
dbms_lab_project/internal/dbms/dbms.go:168.2,171.20 2 1
dbms_lab_project/internal/dbms/dbms.go:171.20,172.23 1 1
dbms_lab_project/internal/dbms/dbms.go:172.23,174.4 1 1
dbms_lab_project/internal/dbms/dbms.go:175.3,175.36 1 1
dbms_lab_project/internal/dbms/dbms.go:175.36,177.4 1 1
dbms_lab_project/internal/dbms/dbms.go:178.3,178.37 1 1
dbms_lab_project/internal/dbms/dbms.go:178.37,180.4 1 1
dbms_lab_project/internal/dbms/dbms.go:181.3,181.17 1 1
dbms_lab_project/internal/dbms/dbms.go:183.2,183.19 1 1
dbms_lab_project/internal/dbms/dbms.go:183.19,184.23 1 1
dbms_lab_project/internal/dbms/dbms.go:184.23,186.4 1 1
dbms_lab_project/internal/dbms/dbms.go:187.3,187.37 1 1
dbms_lab_project/internal/dbms/dbms.go:187.37,189.18 2 1
dbms_lab_project/internal/dbms/dbms.go:189.18,191.5 1 1
dbms_lab_project/internal/dbms/dbms.go:192.4,193.18 2 1
dbms_lab_project/internal/dbms/dbms.go:193.18,195.5 1 1
dbms_lab_project/internal/dbms/dbms.go:196.4,196.22 1 1
dbms_lab_project/internal/dbms/dbms.go:198.3,198.50 1 1
dbms_lab_project/internal/dbms/dbms.go:200.2,200.19 1 1
dbms_lab_project/internal/dbms/dbms.go:200.19,201.23 1 1
dbms_lab_project/internal/dbms/dbms.go:201.23,203.4 1 1
dbms_lab_project/internal/dbms/dbms.go:204.3,204.37 1 1
dbms_lab_project/internal/dbms/dbms.go:204.37,206.18 2 1
dbms_lab_project/internal/dbms/dbms.go:206.18,208.5 1 1
dbms_lab_project/internal/dbms/dbms.go:209.4,210.18 2 1
dbms_lab_project/internal/dbms/dbms.go:210.18,212.5 1 1
dbms_lab_project/internal/dbms/dbms.go:213.4,213.18 1 1
dbms_lab_project/internal/dbms/dbms.go:215.3,215.50 1 1
dbms_lab_project/internal/dbms/dbms.go:217.2,217.22 1 1
dbms_lab_project/internal/dbms/dbms.go:217.22,218.23 1 1
dbms_lab_project/internal/dbms/dbms.go:218.23,220.4 1 1
dbms_lab_project/internal/dbms/dbms.go:221.3,221.37 1 1
dbms_lab_project/internal/dbms/dbms.go:221.37,223.18 2 1
dbms_lab_project/internal/dbms/dbms.go:223.18,225.5 1 1
dbms_lab_project/internal/dbms/dbms.go:226.4,227.18 2 1
dbms_lab_project/internal/dbms/dbms.go:227.18,229.5 1 1
dbms_lab_project/internal/dbms/dbms.go:230.4,230.18 1 1
dbms_lab_project/internal/dbms/dbms.go:232.3,232.50 1 1
dbms_lab_project/internal/dbms/dbms.go:234.2,234.19 1 1
dbms_lab_project/internal/dbms/dbms.go:234.19,235.23 1 1
dbms_lab_project/internal/dbms/dbms.go:235.23,237.4 1 1
dbms_lab_project/internal/dbms/dbms.go:238.3,238.37 1 1
dbms_lab_project/internal/dbms/dbms.go:238.37,240.18 2 1
dbms_lab_project/internal/dbms/dbms.go:240.18,242.5 1 1
dbms_lab_project/internal/dbms/dbms.go:243.4,244.18 2 1
dbms_lab_project/internal/dbms/dbms.go:244.18,246.5 1 1
dbms_lab_project/internal/dbms/dbms.go:247.4,247.18 1 1
dbms_lab_project/internal/dbms/dbms.go:249.3,249.50 1 1
dbms_lab_project/internal/dbms/dbms.go:253.2,253.20 1 1
dbms_lab_project/internal/dbms/dbms.go:253.20,254.23 1 1
dbms_lab_project/internal/dbms/dbms.go:254.23,256.4 1 1
dbms_lab_project/internal/dbms/dbms.go:257.3,257.36 1 1
dbms_lab_project/internal/dbms/dbms.go:257.36,259.4 1 1
dbms_lab_project/internal/dbms/dbms.go:260.3,261.17 2 1
dbms_lab_project/internal/dbms/dbms.go:263.2,263.19 1 1
dbms_lab_project/internal/dbms/dbms.go:263.19,264.35 1 1
dbms_lab_project/internal/dbms/dbms.go:264.35,266.18 2 1
dbms_lab_project/internal/dbms/dbms.go:266.18,268.5 1 0
dbms_lab_project/internal/dbms/dbms.go:269.4,269.22 1 1
dbms_lab_project/internal/dbms/dbms.go:271.3,271.50 1 1
dbms_lab_project/internal/dbms/dbms.go:275.2,275.20 1 1
dbms_lab_project/internal/dbms/dbms.go:275.20,276.23 1 1
dbms_lab_project/internal/dbms/dbms.go:276.23,278.4 1 1
dbms_lab_project/internal/dbms/dbms.go:279.3,279.36 1 1
dbms_lab_project/internal/dbms/dbms.go:279.36,281.4 1 1
dbms_lab_project/internal/dbms/dbms.go:282.3,283.17 2 1
dbms_lab_project/internal/dbms/dbms.go:285.2,285.19 1 1
dbms_lab_project/internal/dbms/dbms.go:285.19,286.35 1 1
dbms_lab_project/internal/dbms/dbms.go:286.35,288.18 2 1
dbms_lab_project/internal/dbms/dbms.go:288.18,290.5 1 0
dbms_lab_project/internal/dbms/dbms.go:291.4,291.22 1 1
dbms_lab_project/internal/dbms/dbms.go:293.3,293.50 1 1
dbms_lab_project/internal/dbms/dbms.go:297.2,297.25 1 1
dbms_lab_project/internal/dbms/dbms.go:297.25,298.23 1 1
dbms_lab_project/internal/dbms/dbms.go:298.23,300.4 1 1
dbms_lab_project/internal/dbms/dbms.go:301.3,301.41 1 1
dbms_lab_project/internal/dbms/dbms.go:301.41,303.4 1 1
dbms_lab_project/internal/dbms/dbms.go:304.3,305.17 2 1
dbms_lab_project/internal/dbms/dbms.go:307.2,307.24 1 1
dbms_lab_project/internal/dbms/dbms.go:307.24,308.23 1 1
dbms_lab_project/internal/dbms/dbms.go:308.23,310.4 1 1
dbms_lab_project/internal/dbms/dbms.go:311.3,311.41 1 1
dbms_lab_project/internal/dbms/dbms.go:311.41,313.4 1 1
dbms_lab_project/internal/dbms/dbms.go:314.3,315.17 2 1
dbms_lab_project/internal/dbms/dbms.go:317.2,317.24 1 1
dbms_lab_project/internal/dbms/dbms.go:317.24,318.40 1 1
dbms_lab_project/internal/dbms/dbms.go:318.40,320.18 2 1
dbms_lab_project/internal/dbms/dbms.go:320.18,322.5 1 0
dbms_lab_project/internal/dbms/dbms.go:323.4,323.22 1 1
dbms_lab_project/internal/dbms/dbms.go:325.3,325.49 1 1
dbms_lab_project/internal/dbms/dbms.go:327.2,327.23 1 1
dbms_lab_project/internal/dbms/dbms.go:327.23,328.40 1 1
dbms_lab_project/internal/dbms/dbms.go:328.40,330.18 2 1
dbms_lab_project/internal/dbms/dbms.go:330.18,332.5 1 0
dbms_lab_project/internal/dbms/dbms.go:333.4,333.22 1 1
dbms_lab_project/internal/dbms/dbms.go:335.3,335.49 1 1
dbms_lab_project/internal/dbms/dbms.go:337.2,337.22 1 1
dbms_lab_project/internal/dbms/dbms.go:337.22,338.23 1 1
dbms_lab_project/internal/dbms/dbms.go:338.23,340.4 1 1
dbms_lab_project/internal/dbms/dbms.go:341.3,341.40 1 1
dbms_lab_project/internal/dbms/dbms.go:341.40,344.4 2 1
dbms_lab_project/internal/dbms/dbms.go:345.3,345.49 1 1
dbms_lab_project/internal/dbms/dbms.go:347.2,347.20 1 1
dbms_lab_project/internal/dbms/dbms.go:347.20,348.23 1 1
dbms_lab_project/internal/dbms/dbms.go:348.23,350.4 1 1
dbms_lab_project/internal/dbms/dbms.go:351.3,351.40 1 1
dbms_lab_project/internal/dbms/dbms.go:351.40,352.26 1 1
dbms_lab_project/internal/dbms/dbms.go:352.26,354.5 1 1
dbms_lab_project/internal/dbms/dbms.go:355.4,355.21 1 1
dbms_lab_project/internal/dbms/dbms.go:357.3,357.49 1 1
dbms_lab_project/internal/dbms/dbms.go:359.2,359.28 1 1
dbms_lab_project/internal/dbms/dbms.go:359.28,360.23 1 1
dbms_lab_project/internal/dbms/dbms.go:360.23,362.4 1 1
dbms_lab_project/internal/dbms/dbms.go:363.3,363.40 1 1
dbms_lab_project/internal/dbms/dbms.go:363.40,366.4 2 1
dbms_lab_project/internal/dbms/dbms.go:367.3,367.49 1 1
dbms_lab_project/internal/dbms/dbms.go:369.2,369.29 1 1
dbms_lab_project/internal/dbms/dbms.go:369.29,370.23 1 1
dbms_lab_project/internal/dbms/dbms.go:370.23,372.4 1 1
dbms_lab_project/internal/dbms/dbms.go:373.3,373.40 1 1
dbms_lab_project/internal/dbms/dbms.go:373.40,376.4 2 1
dbms_lab_project/internal/dbms/dbms.go:377.3,377.49 1 1
dbms_lab_project/internal/dbms/dbms.go:379.2,379.28 1 1
dbms_lab_project/internal/dbms/dbms.go:379.28,380.23 1 1
dbms_lab_project/internal/dbms/dbms.go:380.23,382.4 1 1
dbms_lab_project/internal/dbms/dbms.go:383.3,383.40 1 1
dbms_lab_project/internal/dbms/dbms.go:383.40,386.4 2 1
dbms_lab_project/internal/dbms/dbms.go:387.3,387.49 1 1
dbms_lab_project/internal/dbms/dbms.go:389.2,389.29 1 1
dbms_lab_project/internal/dbms/dbms.go:389.29,390.23 1 1
dbms_lab_project/internal/dbms/dbms.go:390.23,392.4 1 1
dbms_lab_project/internal/dbms/dbms.go:393.3,393.40 1 1
dbms_lab_project/internal/dbms/dbms.go:393.40,396.4 2 1
dbms_lab_project/internal/dbms/dbms.go:397.3,397.49 1 1
dbms_lab_project/internal/dbms/dbms.go:401.2,401.26 1 1
dbms_lab_project/internal/dbms/dbms.go:401.26,402.23 1 1
dbms_lab_project/internal/dbms/dbms.go:402.23,404.4 1 1
dbms_lab_project/internal/dbms/dbms.go:405.3,405.41 1 1
dbms_lab_project/internal/dbms/dbms.go:405.41,407.4 1 1
dbms_lab_project/internal/dbms/dbms.go:408.3,409.17 2 1
dbms_lab_project/internal/dbms/dbms.go:411.2,411.25 1 1
dbms_lab_project/internal/dbms/dbms.go:411.25,412.23 1 1
dbms_lab_project/internal/dbms/dbms.go:412.23,414.4 1 1
dbms_lab_project/internal/dbms/dbms.go:415.3,415.41 1 1
dbms_lab_project/internal/dbms/dbms.go:415.41,417.4 1 1
dbms_lab_project/internal/dbms/dbms.go:418.3,419.17 2 1
dbms_lab_project/internal/dbms/dbms.go:421.2,421.25 1 1
dbms_lab_project/internal/dbms/dbms.go:421.25,422.40 1 1
dbms_lab_project/internal/dbms/dbms.go:422.40,424.18 2 1
dbms_lab_project/internal/dbms/dbms.go:424.18,426.5 1 0
dbms_lab_project/internal/dbms/dbms.go:427.4,427.22 1 1
dbms_lab_project/internal/dbms/dbms.go:429.3,429.49 1 1
dbms_lab_project/internal/dbms/dbms.go:431.2,431.24 1 1
dbms_lab_project/internal/dbms/dbms.go:431.24,432.40 1 1
dbms_lab_project/internal/dbms/dbms.go:432.40,434.18 2 1
dbms_lab_project/internal/dbms/dbms.go:434.18,436.5 1 0
dbms_lab_project/internal/dbms/dbms.go:437.4,437.22 1 1
dbms_lab_project/internal/dbms/dbms.go:439.3,439.49 1 1
dbms_lab_project/internal/dbms/dbms.go:441.2,441.23 1 1
dbms_lab_project/internal/dbms/dbms.go:441.23,442.23 1 1
dbms_lab_project/internal/dbms/dbms.go:442.23,444.4 1 1
dbms_lab_project/internal/dbms/dbms.go:445.3,445.40 1 1
dbms_lab_project/internal/dbms/dbms.go:445.40,448.4 2 1
dbms_lab_project/internal/dbms/dbms.go:449.3,449.49 1 1
dbms_lab_project/internal/dbms/dbms.go:451.2,451.21 1 1
dbms_lab_project/internal/dbms/dbms.go:451.21,452.23 1 1
dbms_lab_project/internal/dbms/dbms.go:452.23,454.4 1 1
dbms_lab_project/internal/dbms/dbms.go:455.3,455.40 1 1
dbms_lab_project/internal/dbms/dbms.go:455.40,456.26 1 1
dbms_lab_project/internal/dbms/dbms.go:456.26,458.5 1 1
dbms_lab_project/internal/dbms/dbms.go:459.4,459.21 1 1
dbms_lab_project/internal/dbms/dbms.go:461.3,461.49 1 1
dbms_lab_project/internal/dbms/dbms.go:463.2,463.29 1 1
dbms_lab_project/internal/dbms/dbms.go:463.29,464.23 1 1
dbms_lab_project/internal/dbms/dbms.go:464.23,466.4 1 1
dbms_lab_project/internal/dbms/dbms.go:467.3,467.40 1 1
dbms_lab_project/internal/dbms/dbms.go:467.40,470.4 2 1
dbms_lab_project/internal/dbms/dbms.go:471.3,471.49 1 1
dbms_lab_project/internal/dbms/dbms.go:473.2,473.30 1 1
dbms_lab_project/internal/dbms/dbms.go:473.30,474.23 1 1
dbms_lab_project/internal/dbms/dbms.go:474.23,476.4 1 1
dbms_lab_project/internal/dbms/dbms.go:477.3,477.40 1 1
dbms_lab_project/internal/dbms/dbms.go:477.40,480.4 2 1
dbms_lab_project/internal/dbms/dbms.go:481.3,481.49 1 1
dbms_lab_project/internal/dbms/dbms.go:483.2,483.29 1 1
dbms_lab_project/internal/dbms/dbms.go:483.29,484.23 1 1
dbms_lab_project/internal/dbms/dbms.go:484.23,486.4 1 1
dbms_lab_project/internal/dbms/dbms.go:487.3,487.40 1 1
dbms_lab_project/internal/dbms/dbms.go:487.40,490.4 2 1
dbms_lab_project/internal/dbms/dbms.go:491.3,491.49 1 1
dbms_lab_project/internal/dbms/dbms.go:493.2,493.30 1 1
dbms_lab_project/internal/dbms/dbms.go:493.30,494.23 1 1
dbms_lab_project/internal/dbms/dbms.go:494.23,496.4 1 1
dbms_lab_project/internal/dbms/dbms.go:497.3,497.40 1 1
dbms_lab_project/internal/dbms/dbms.go:497.40,500.4 2 1
dbms_lab_project/internal/dbms/dbms.go:501.3,501.49 1 1
dbms_lab_project/internal/dbms/dbms.go:505.2,505.19 1 1
dbms_lab_project/internal/dbms/dbms.go:505.19,506.23 1 1
dbms_lab_project/internal/dbms/dbms.go:506.23,508.4 1 1
dbms_lab_project/internal/dbms/dbms.go:509.3,509.40 1 1
dbms_lab_project/internal/dbms/dbms.go:509.40,511.4 1 1
dbms_lab_project/internal/dbms/dbms.go:512.3,513.17 2 1
dbms_lab_project/internal/dbms/dbms.go:515.2,515.19 1 1
dbms_lab_project/internal/dbms/dbms.go:515.19,516.23 1 1
dbms_lab_project/internal/dbms/dbms.go:516.23,518.4 1 1
dbms_lab_project/internal/dbms/dbms.go:519.3,519.40 1 1
dbms_lab_project/internal/dbms/dbms.go:519.40,521.18 2 1
dbms_lab_project/internal/dbms/dbms.go:521.18,523.5 1 1
dbms_lab_project/internal/dbms/dbms.go:524.4,524.22 1 1
dbms_lab_project/internal/dbms/dbms.go:526.3,526.54 1 1
dbms_lab_project/internal/dbms/dbms.go:528.2,528.19 1 1
dbms_lab_project/internal/dbms/dbms.go:528.19,529.23 1 1
dbms_lab_project/internal/dbms/dbms.go:529.23,531.4 1 1
dbms_lab_project/internal/dbms/dbms.go:532.3,532.40 1 1
dbms_lab_project/internal/dbms/dbms.go:532.40,535.4 2 1
dbms_lab_project/internal/dbms/dbms.go:536.3,536.54 1 1
dbms_lab_project/internal/dbms/dbms.go:540.2,540.20 1 1
dbms_lab_project/internal/dbms/dbms.go:540.20,541.23 1 1
dbms_lab_project/internal/dbms/dbms.go:541.23,543.4 1 1
dbms_lab_project/internal/dbms/dbms.go:544.3,544.40 1 1
dbms_lab_project/internal/dbms/dbms.go:544.40,546.4 1 1
dbms_lab_project/internal/dbms/dbms.go:547.3,548.17 2 1
dbms_lab_project/internal/dbms/dbms.go:550.2,550.20 1 1
dbms_lab_project/internal/dbms/dbms.go:550.20,551.23 1 1
dbms_lab_project/internal/dbms/dbms.go:551.23,553.4 1 1
dbms_lab_project/internal/dbms/dbms.go:554.3,554.40 1 1
dbms_lab_project/internal/dbms/dbms.go:554.40,556.18 2 1
dbms_lab_project/internal/dbms/dbms.go:556.18,558.5 1 0
dbms_lab_project/internal/dbms/dbms.go:559.4,559.22 1 1
dbms_lab_project/internal/dbms/dbms.go:561.3,561.54 1 1
dbms_lab_project/internal/dbms/dbms.go:563.2,563.20 1 1
dbms_lab_project/internal/dbms/dbms.go:563.20,564.23 1 1
dbms_lab_project/internal/dbms/dbms.go:564.23,566.4 1 1
dbms_lab_project/internal/dbms/dbms.go:567.3,567.40 1 1
dbms_lab_project/internal/dbms/dbms.go:567.40,570.4 2 1
dbms_lab_project/internal/dbms/dbms.go:571.3,571.54 1 1
dbms_lab_project/internal/dbms/dbms.go:575.2,575.22 1 1
dbms_lab_project/internal/dbms/dbms.go:575.22,576.23 1 1
dbms_lab_project/internal/dbms/dbms.go:576.23,578.4 1 1
dbms_lab_project/internal/dbms/dbms.go:579.3,579.35 1 1
dbms_lab_project/internal/dbms/dbms.go:579.35,581.4 1 1
dbms_lab_project/internal/dbms/dbms.go:582.3,583.17 2 1
dbms_lab_project/internal/dbms/dbms.go:585.2,585.20 1 1
dbms_lab_project/internal/dbms/dbms.go:585.20,586.23 1 1
dbms_lab_project/internal/dbms/dbms.go:586.23,588.4 1 1
dbms_lab_project/internal/dbms/dbms.go:589.3,589.34 1 1
dbms_lab_project/internal/dbms/dbms.go:589.34,590.26 1 1
dbms_lab_project/internal/dbms/dbms.go:590.26,592.5 1 1
dbms_lab_project/internal/dbms/dbms.go:593.4,593.21 1 1
dbms_lab_project/internal/dbms/dbms.go:595.3,595.49 1 1
dbms_lab_project/internal/dbms/dbms.go:597.2,597.22 1 1
dbms_lab_project/internal/dbms/dbms.go:597.22,598.34 1 1
dbms_lab_project/internal/dbms/dbms.go:598.34,599.18 1 1
dbms_lab_project/internal/dbms/dbms.go:599.18,601.5 1 1
dbms_lab_project/internal/dbms/dbms.go:602.4,602.21 1 0
dbms_lab_project/internal/dbms/dbms.go:604.3,604.49 1 1
dbms_lab_project/internal/dbms/dbms.go:608.2,608.19 1 1
dbms_lab_project/internal/dbms/dbms.go:608.19,609.23 1 1
dbms_lab_project/internal/dbms/dbms.go:609.23,611.4 1 1
dbms_lab_project/internal/dbms/dbms.go:612.3,612.34 1 1
dbms_lab_project/internal/dbms/dbms.go:612.34,614.4 1 1
dbms_lab_project/internal/dbms/dbms.go:615.3,616.17 2 1
dbms_lab_project/internal/dbms/dbms.go:618.2,618.19 1 1
dbms_lab_project/internal/dbms/dbms.go:618.19,619.23 1 1
dbms_lab_project/internal/dbms/dbms.go:619.23,621.4 1 1
dbms_lab_project/internal/dbms/dbms.go:622.3,622.33 1 1
dbms_lab_project/internal/dbms/dbms.go:622.33,625.4 2 1
dbms_lab_project/internal/dbms/dbms.go:626.3,626.48 1 1
dbms_lab_project/internal/dbms/dbms.go:628.2,628.24 1 1
dbms_lab_project/internal/dbms/dbms.go:628.24,629.23 1 1
dbms_lab_project/internal/dbms/dbms.go:629.23,631.4 1 1
dbms_lab_project/internal/dbms/dbms.go:632.3,632.33 1 1
dbms_lab_project/internal/dbms/dbms.go:632.33,633.30 1 1
dbms_lab_project/internal/dbms/dbms.go:633.30,635.5 1 1
dbms_lab_project/internal/dbms/dbms.go:636.4,636.21 1 1
dbms_lab_project/internal/dbms/dbms.go:638.3,638.48 1 1
dbms_lab_project/internal/dbms/dbms.go:642.2,642.19 1 1
dbms_lab_project/internal/dbms/dbms.go:642.19,643.23 1 1
dbms_lab_project/internal/dbms/dbms.go:643.23,645.4 1 1
dbms_lab_project/internal/dbms/dbms.go:646.3,646.39 1 1
dbms_lab_project/internal/dbms/dbms.go:646.39,651.4 1 1
dbms_lab_project/internal/dbms/dbms.go:652.3,653.17 2 1
dbms_lab_project/internal/dbms/dbms.go:655.2,655.19 1 1
dbms_lab_project/internal/dbms/dbms.go:655.19,656.23 1 1
dbms_lab_project/internal/dbms/dbms.go:656.23,658.4 1 1
dbms_lab_project/internal/dbms/dbms.go:659.3,659.38 1 1
dbms_lab_project/internal/dbms/dbms.go:659.38,661.17 2 1
dbms_lab_project/internal/dbms/dbms.go:661.17,663.5 1 0
dbms_lab_project/internal/dbms/dbms.go:664.4,664.22 1 1
dbms_lab_project/internal/dbms/dbms.go:666.3,666.50 1 1
dbms_lab_project/internal/dbms/dbms.go:670.2,670.24 1 1
dbms_lab_project/internal/dbms/dbms.go:670.24,671.37 1 1
dbms_lab_project/internal/dbms/dbms.go:671.37,674.4 2 1
dbms_lab_project/internal/dbms/dbms.go:675.3,675.50 1 1
dbms_lab_project/internal/dbms/dbms.go:677.2,677.27 1 1
dbms_lab_project/internal/dbms/dbms.go:677.27,678.23 1 1
dbms_lab_project/internal/dbms/dbms.go:678.23,680.4 1 1
dbms_lab_project/internal/dbms/dbms.go:681.3,684.42 4 1
dbms_lab_project/internal/dbms/dbms.go:684.42,685.37 1 1
dbms_lab_project/internal/dbms/dbms.go:685.37,687.5 1 1
dbms_lab_project/internal/dbms/dbms.go:688.4,688.37 1 1
dbms_lab_project/internal/dbms/dbms.go:688.37,690.5 1 1
dbms_lab_project/internal/dbms/dbms.go:691.4,692.23 2 1
dbms_lab_project/internal/dbms/dbms.go:694.3,694.53 1 1
dbms_lab_project/internal/dbms/dbms.go:696.2,696.22 1 1
dbms_lab_project/internal/dbms/dbms.go:696.22,697.23 1 1
dbms_lab_project/internal/dbms/dbms.go:697.23,699.4 1 1
dbms_lab_project/internal/dbms/dbms.go:700.3,701.17 2 1
dbms_lab_project/internal/dbms/dbms.go:701.17,703.4 1 1
dbms_lab_project/internal/dbms/dbms.go:704.3,705.39 2 1
dbms_lab_project/internal/dbms/dbms.go:705.39,706.43 1 1
dbms_lab_project/internal/dbms/dbms.go:706.43,708.5 1 1
dbms_lab_project/internal/dbms/dbms.go:709.4,710.13 2 1
dbms_lab_project/internal/dbms/dbms.go:710.13,712.5 1 1
dbms_lab_project/internal/dbms/dbms.go:713.4,713.21 1 0
dbms_lab_project/internal/dbms/dbms.go:715.3,715.50 1 1
dbms_lab_project/internal/dbms/dbms.go:717.2,717.28 1 1
dbms_lab_project/internal/dbms/dbms.go:717.28,724.3 1 1
dbms_lab_project/internal/dbms/dbms.go:726.2,726.34 1 1
dbms_lab_project/internal/dbms/storage_manager.go:13.53,15.2 1 1
dbms_lab_project/internal/dbms/storage_manager.go:17.48,19.16 2 1
dbms_lab_project/internal/dbms/storage_manager.go:19.16,20.25 1 1
dbms_lab_project/internal/dbms/storage_manager.go:20.25,22.4 1 1
dbms_lab_project/internal/dbms/storage_manager.go:23.3,23.13 1 1
dbms_lab_project/internal/dbms/storage_manager.go:25.2,29.21 4 1
dbms_lab_project/internal/dbms/storage_manager.go:29.21,32.21 3 1
dbms_lab_project/internal/dbms/storage_manager.go:32.21,33.12 1 1
dbms_lab_project/internal/dbms/storage_manager.go:35.3,38.22 4 1
dbms_lab_project/internal/dbms/storage_manager.go:38.22,40.4 1 1
dbms_lab_project/internal/dbms/storage_manager.go:41.3,41.40 1 1
dbms_lab_project/internal/dbms/storage_manager.go:43.2,43.22 1 1
dbms_lab_project/internal/dbms/storage_manager.go:46.48,48.16 2 1
dbms_lab_project/internal/dbms/storage_manager.go:48.16,50.3 1 1
dbms_lab_project/internal/dbms/storage_manager.go:51.2,55.12 4 1
dbms_lab_project/internal/dbms/tasks.go:10.72,14.36 3 1
dbms_lab_project/internal/dbms/tasks.go:14.36,17.17 3 1
dbms_lab_project/internal/dbms/tasks.go:17.17,19.4 1 1
dbms_lab_project/internal/dbms/tasks.go:22.2,22.32 1 1
dbms_lab_project/internal/dbms/tasks.go:22.32,24.40 2 1
dbms_lab_project/internal/dbms/tasks.go:24.40,27.15 3 1
dbms_lab_project/internal/dbms/tasks.go:27.15,28.26 1 1
dbms_lab_project/internal/dbms/tasks.go:28.26,34.6 4 1
dbms_lab_project/internal/dbms/tasks.go:34.11,34.33 1 1
dbms_lab_project/internal/dbms/tasks.go:34.33,39.6 3 1
dbms_lab_project/internal/dbms/tasks.go:39.11,43.6 2 1
dbms_lab_project/internal/dbms/tasks.go:44.10,45.10 1 1
dbms_lab_project/internal/dbms/tasks.go:48.3,48.22 1 1
dbms_lab_project/internal/dbms/tasks.go:48.22,50.4 1 1
dbms_lab_project/internal/dbms/tasks.go:53.2,60.21 3 1
dbms_lab_project/internal/dbms/tasks.go:60.21,63.3 2 1
dbms_lab_project/internal/dbms/tasks.go:64.2,64.25 1 1
dbms_lab_project/internal/dbms/tasks.go:64.25,67.3 2 1
dbms_lab_project/internal/dbms/tasks.go:68.2,68.15 1 1
dbms_lab_project/internal/dbms/tasks.go:71.86,77.29 5 1
dbms_lab_project/internal/dbms/tasks.go:77.29,79.17 2 1
dbms_lab_project/internal/dbms/tasks.go:79.17,83.4 3 1
dbms_lab_project/internal/dbms/tasks.go:86.2,90.24 5 1
dbms_lab_project/internal/dbms/tasks.go:90.24,92.3 1 1
dbms_lab_project/internal/dbms/tasks.go:93.2,95.25 2 1
dbms_lab_project/internal/dbms/tasks.go:95.25,96.41 1 1
dbms_lab_project/internal/dbms/tasks.go:96.41,97.31 1 1
dbms_lab_project/internal/dbms/tasks.go:97.31,100.5 2 1
dbms_lab_project/internal/dbms/tasks.go:104.2,105.34 2 1
dbms_lab_project/internal/dbms/tasks.go:105.34,106.12 1 1
dbms_lab_project/internal/dbms/tasks.go:106.12,108.9 2 1
dbms_lab_project/internal/dbms/tasks.go:112.2,114.43 3 1
dbms_lab_project/internal/dbms/tasks.go:114.43,119.3 4 1
dbms_lab_project/internal/dbms/tasks.go:121.2,121.25 1 1
dbms_lab_project/internal/dbms/tasks.go:121.25,122.20 1 1
dbms_lab_project/internal/dbms/tasks.go:122.20,124.4 1 1
dbms_lab_project/internal/dbms/tasks.go:127.2,129.27 3 1
dbms_lab_project/internal/dbms/tasks.go:132.95,135.36 3 1
dbms_lab_project/internal/dbms/tasks.go:135.36,138.17 3 1
dbms_lab_project/internal/dbms/tasks.go:138.17,141.4 2 1
dbms_lab_project/internal/dbms/tasks.go:144.2,150.33 5 1
dbms_lab_project/internal/dbms/tasks.go:150.33,153.44 3 1
dbms_lab_project/internal/dbms/tasks.go:153.44,154.39 1 1
dbms_lab_project/internal/dbms/tasks.go:154.39,158.42 4 1
dbms_lab_project/internal/dbms/tasks.go:158.42,160.16 2 1
dbms_lab_project/internal/dbms/tasks.go:160.16,162.7 1 1
dbms_lab_project/internal/dbms/tasks.go:164.5,165.33 2 1
dbms_lab_project/internal/dbms/tasks.go:168.3,168.65 1 1
dbms_lab_project/internal/dbms/tasks.go:170.2,170.14 1 1
dbms_lab_project/internal/dbms/tasks.go:173.42,174.13 1 1
dbms_lab_project/internal/dbms/tasks.go:174.13,176.3 1 1
dbms_lab_project/internal/dbms/tasks.go:177.2,181.42 4 1
dbms_lab_project/internal/dbms/tasks.go:181.42,184.17 3 1
dbms_lab_project/internal/dbms/tasks.go:184.17,186.23 2 1
dbms_lab_project/internal/dbms/tasks.go:186.23,188.5 1 1
dbms_lab_project/internal/dbms/tasks.go:190.3,191.31 2 1
dbms_lab_project/internal/dbms/tasks.go:191.31,193.4 1 1
dbms_lab_project/internal/dbms/tasks.go:195.2,195.18 1 1
dbms_lab_project/cmd/main.go:10.13,14.36 3 0
dbms_lab_project/cmd/main.go:14.36,16.3 1 0
dbms_lab_project/cmd/main.go:18.2,19.6 2 0
dbms_lab_project/cmd/main.go:19.6,21.22 2 0
dbms_lab_project/cmd/main.go:21.22,22.9 1 0
dbms_lab_project/cmd/main.go:24.3,25.21 2 0
dbms_lab_project/cmd/main.go:25.21,26.9 1 0
dbms_lab_project/cmd/main.go:29.3,31.22 3 0
dbms_lab_project/cmd/main.go:34.2,34.36 1 0
dbms_lab_project/cmd/main.go:34.36,36.3 1 0
